#
# There is insufficient memory for the Java Runtime Environment to continue.
# Native memory allocation (malloc) failed to allocate 1161376 bytes for Chunk::new
# Possible reasons:
#   The system is out of physical RAM or swap space
#   The process is running with CompressedOops enabled, and the Java Heap may be blocking the growth of the native heap
# Possible solutions:
#   Reduce memory load on the system
#   Increase physical memory or swap space
#   Check if swap backing store is full
#   Decrease Java heap size (-Xmx/-Xms)
#   Decrease number of Java threads
#   Decrease Java thread stack sizes (-Xss)
#   Set larger code cache with -XX:ReservedCodeCacheSize=
#   JVM is running with Unscaled Compressed Oops mode in which the Java heap is
#     placed in the first 4GB address space. The Java Heap base address is the
#     maximum limit for the native heap growth. Please use -XX:HeapBaseMinAddress
#     to set the Java Heap base and to place the Java Heap above 4GB virtual address.
# This output file may be truncated or incomplete.
#
#  Out of Memory Error (allocation.cpp:389), pid=8164, tid=0x0000000000001974
#
# JRE version: OpenJDK Runtime Environment (8.0_265-b01) (build 1.8.0_265-b01)
# Java VM: OpenJDK 64-Bit Server VM (25.265-b01 mixed mode windows-amd64 compressed oops)
# Failed to write core dump. Minidumps are not enabled by default on client versions of Windows
#

---------------  T H R E A D  ---------------

Current thread (0x000002a8d9aba000):  JavaThread "C2 CompilerThread0" daemon [_thread_in_native, id=6516, stack(0x000000b945f00000,0x000000b946000000)]

Stack: [0x000000b945f00000,0x000000b946000000]
[error occurred during error reporting (printing stack bounds), id 0xc0000005]

Native frames: (J=compiled Java code, j=interpreted, Vv=VM code, C=native code)


Current CompileTask:
C2:   1443  792       4       com.sun.org.apache.xerces.internal.impl.XMLNSDocumentScannerImpl::scanStartElement (1026 bytes)


---------------  P R O C E S S  ---------------

Java Threads: ( => current thread )
  0x000002a8d9b66800 JavaThread "Service Thread" daemon [_thread_blocked, id=5332, stack(0x000000b946300000,0x000000b946400000)]
  0x000002a8d9ac6800 JavaThread "C1 CompilerThread3" daemon [_thread_blocked, id=3016, stack(0x000000b946200000,0x000000b946300000)]
  0x000002a8d9ac5000 JavaThread "C2 CompilerThread2" daemon [_thread_in_native, id=7820, stack(0x000000b946100000,0x000000b946200000)]
  0x000002a8d9ac1800 JavaThread "C2 CompilerThread1" daemon [_thread_in_native, id=1012, stack(0x000000b946000000,0x000000b946100000)]
=>0x000002a8d9aba000 JavaThread "C2 CompilerThread0" daemon [_thread_in_native, id=6516, stack(0x000000b945f00000,0x000000b946000000)]
  0x000002a8d9ab4800 JavaThread "Attach Listener" daemon [_thread_blocked, id=2332, stack(0x000000b945e00000,0x000000b945f00000)]
  0x000002a8d9ab3000 JavaThread "Signal Dispatcher" daemon [_thread_blocked, id=7336, stack(0x000000b945d00000,0x000000b945e00000)]
  0x000002a8d9a8a800 JavaThread "Finalizer" daemon [_thread_blocked, id=1040, stack(0x000000b945c00000,0x000000b945d00000)]
  0x000002a8d9a82800 JavaThread "Reference Handler" daemon [_thread_blocked, id=5492, stack(0x000000b945b00000,0x000000b945c00000)]
  0x000002a8c7e8e800 JavaThread "main" [_thread_in_native, id=7516, stack(0x000000b945900000,0x000000b945a00000)]

Other Threads:
  0x000002a8d9a57800 VMThread [stack: 0x000000b945a00000,0x000000b945b00000] [id=8048]
  0x000002a8d9b67800 WatcherThread [stack: 0x000000b946400000,0x000000b946500000] [id=9532]

VM state:not at safepoint (normal execution)

VM Mutex/Monitor currently owned by a thread: None

heap address: 0x00000000a2400000, size: 1500 MB, Compressed Oops mode: 32-bit
Narrow klass base: 0x0000000000000000, Narrow klass shift: 3
Compressed class space size: 1073741824 Address: 0x0000000100000000

Heap:
 def new generation   total 28224K, used 20534K [0x00000000a2400000, 0x00000000a42a0000, 0x00000000c1800000)
  eden space 25088K,  69% used [0x00000000a2400000, 0x00000000a34fd968, 0x00000000a3c80000)
  from space 3136K,  99% used [0x00000000a3c80000, 0x00000000a3f8fff8, 0x00000000a3f90000)
  to   space 3136K,   0% used [0x00000000a3f90000, 0x00000000a3f90000, 0x00000000a42a0000)
 tenured generation   total 62848K, used 8639K [0x00000000c1800000, 0x00000000c5560000, 0x0000000100000000)
   the space 62848K,  13% used [0x00000000c1800000, 0x00000000c206fd90, 0x00000000c206fe00, 0x00000000c5560000)
 Metaspace       used 8800K, capacity 8936K, committed 9216K, reserved 1056768K
  class space    used 896K, capacity 916K, committed 1024K, reserved 1048576K

Card table byte_map: [0x000002a8d8c70000,0x000002a8d8f60000] byte_map_base: 0x000002a8d875e000

Polling page: 0x000002a8c80a0000

CodeCache: size=245760Kb used=4036Kb max_used=4036Kb free=241723Kb
 bounds [0x000002a8c98b0000, 0x000002a8c9cb0000, 0x000002a8d88b0000]
 total_blobs=1332 nmethods=1006 adapters=239
 compilation: enabled

Compilation events (10 events):
Event: 1.416 Thread 0x000002a8d9ac6800 1028       1       com.altera.sopcmodel.util.CatalogCard::getFactoryName (5 bytes)
Event: 1.416 Thread 0x000002a8d9ac6800 nmethod 1028 0x000002a8c9c9e9d0 code [0x000002a8c9c9eb20, 0x000002a8c9c9ec38]
Event: 1.416 Thread 0x000002a8d9ac6800 1029       3       com.altera.sopcmodel.util.CatalogCard::getTags2 (30 bytes)
Event: 1.417 Thread 0x000002a8d9ac6800 nmethod 1029 0x000002a8c9ca0ad0 code [0x000002a8c9ca0c80, 0x000002a8c9ca1190]
Event: 1.417 Thread 0x000002a8d9ac6800 1030       3       java.util.AbstractCollection::toArray (70 bytes)
Event: 1.418 Thread 0x000002a8d9ac6800 nmethod 1030 0x000002a8c9c97b90 code [0x000002a8c9c97d80, 0x000002a8c9c98710]
Event: 1.418 Thread 0x000002a8d9ac6800 1031       3       java.util.Collections::sort (8 bytes)
Event: 1.418 Thread 0x000002a8d9ac6800 nmethod 1031 0x000002a8c9c95f90 code [0x000002a8c9c96100, 0x000002a8c9c96310]
Event: 1.425 Thread 0x000002a8d9ac6800 1032 %     3       com.altera.sopclibrary.conan.Analyzer::getFactoryInfo @ 18 (139 bytes)
Event: 1.428 Thread 0x000002a8d9ac6800 nmethod 1032% 0x000002a8c9ca4190 code [0x000002a8c9ca4480, 0x000002a8c9ca5c00]

GC Heap History (4 events):
Event: 0.764 GC heap before
{Heap before GC invocations=0 (full 0):
 def new generation   total 28224K, used 25088K [0x00000000a2400000, 0x00000000a42a0000, 0x00000000c1800000)
  eden space 25088K, 100% used [0x00000000a2400000, 0x00000000a3c80000, 0x00000000a3c80000)
  from space 3136K,   0% used [0x00000000a3c80000, 0x00000000a3c80000, 0x00000000a3f90000)
  to   space 3136K,   0% used [0x00000000a3f90000, 0x00000000a3f90000, 0x00000000a42a0000)
 tenured generation   total 62848K, used 0K [0x00000000c1800000, 0x00000000c5560000, 0x0000000100000000)
   the space 62848K,   0% used [0x00000000c1800000, 0x00000000c1800000, 0x00000000c1800200, 0x00000000c5560000)
 Metaspace       used 6685K, capacity 6888K, committed 7168K, reserved 1056768K
  class space    used 691K, capacity 724K, committed 768K, reserved 1048576K
Event: 0.773 GC heap after
Heap after GC invocations=1 (full 0):
 def new generation   total 28224K, used 3135K [0x00000000a2400000, 0x00000000a42a0000, 0x00000000c1800000)
  eden space 25088K,   0% used [0x00000000a2400000, 0x00000000a2400000, 0x00000000a3c80000)
  from space 3136K,  99% used [0x00000000a3f90000, 0x00000000a429fff0, 0x00000000a42a0000)
  to   space 3136K,   0% used [0x00000000a3c80000, 0x00000000a3c80000, 0x00000000a3f90000)
 tenured generation   total 62848K, used 540K [0x00000000c1800000, 0x00000000c5560000, 0x0000000100000000)
   the space 62848K,   0% used [0x00000000c1800000, 0x00000000c1887120, 0x00000000c1887200, 0x00000000c5560000)
 Metaspace       used 6685K, capacity 6888K, committed 7168K, reserved 1056768K
  class space    used 691K, capacity 724K, committed 768K, reserved 1048576K
}
Event: 1.288 GC heap before
{Heap before GC invocations=1 (full 0):
 def new generation   total 28224K, used 28223K [0x00000000a2400000, 0x00000000a42a0000, 0x00000000c1800000)
  eden space 25088K, 100% used [0x00000000a2400000, 0x00000000a3c80000, 0x00000000a3c80000)
  from space 3136K,  99% used [0x00000000a3f90000, 0x00000000a429fff0, 0x00000000a42a0000)
  to   space 3136K,   0% used [0x00000000a3c80000, 0x00000000a3c80000, 0x00000000a3f90000)
 tenured generation   total 62848K, used 540K [0x00000000c1800000, 0x00000000c5560000, 0x0000000100000000)
   the space 62848K,   0% used [0x00000000c1800000, 0x00000000c1887120, 0x00000000c1887200, 0x00000000c5560000)
 Metaspace       used 8794K, capacity 8936K, committed 9216K, reserved 1056768K
  class space    used 895K, capacity 916K, committed 1024K, reserved 1048576K
Event: 1.334 GC heap after
Heap after GC invocations=2 (full 0):
 def new generation   total 28224K, used 3135K [0x00000000a2400000, 0x00000000a42a0000, 0x00000000c1800000)
  eden space 25088K,   0% used [0x00000000a2400000, 0x00000000a2400000, 0x00000000a3c80000)
  from space 3136K,  99% used [0x00000000a3c80000, 0x00000000a3f8fff8, 0x00000000a3f90000)
  to   space 3136K,   0% used [0x00000000a3f90000, 0x00000000a3f90000, 0x00000000a42a0000)
 tenured generation   total 62848K, used 8639K [0x00000000c1800000, 0x00000000c5560000, 0x0000000100000000)
   the space 62848K,  13% used [0x00000000c1800000, 0x00000000c206fd90, 0x00000000c206fe00, 0x00000000c5560000)
 Metaspace       used 8794K, capacity 8936K, committed 9216K, reserved 1056768K
  class space    used 895K, capacity 916K, committed 1024K, reserved 1048576K
}

Deoptimization events (10 events):
Event: 0.827 Thread 0x000002a8c7e8e800 Uncommon trap: reason=unstable_if action=reinterpret pc=0x000002a8c9a85b7c method=java.lang.AbstractStringBuilder.append(Ljava/lang/String;)Ljava/lang/AbstractStringBuilder; @ 1
Event: 0.959 Thread 0x000002a8c7e8e800 Uncommon trap: reason=unstable_if action=reinterpret pc=0x000002a8c9bbff0c method=com.sun.org.apache.xerces.internal.impl.XMLEntityScanner.skipSpaces()Z @ 125
Event: 0.965 Thread 0x000002a8c7e8e800 Uncommon trap: reason=unstable_if action=reinterpret pc=0x000002a8c9ba7934 method=com.sun.org.apache.xerces.internal.impl.XMLEntityScanner.checkBeforeLoad(Lcom/sun/xml/internal/stream/Entity$ScannedEntity;II)I @ 18
Event: 0.983 Thread 0x000002a8c7e8e800 Uncommon trap: reason=unstable_if action=reinterpret pc=0x000002a8c9bc0eec method=com.sun.org.apache.xerces.internal.impl.XMLEntityScanner.scanChar(Lcom/sun/org/apache/xerces/internal/impl/XMLScanner$NameType;)I @ 59
Event: 0.983 Thread 0x000002a8c7e8e800 Uncommon trap: reason=unstable_if action=reinterpret pc=0x000002a8c9bbb30c method=com.sun.org.apache.xerces.internal.impl.XMLEntityScanner.scanLiteral(ILcom/sun/org/apache/xerces/internal/xni/XMLString;Z)I @ 587
Event: 0.997 Thread 0x000002a8c7e8e800 Uncommon trap: reason=unstable_if action=reinterpret pc=0x000002a8c9badfb8 method=com.sun.org.apache.xerces.internal.impl.XMLEntityScanner.peekChar()I @ 14
Event: 1.002 Thread 0x000002a8c7e8e800 Uncommon trap: reason=unstable_if action=reinterpret pc=0x000002a8c9bfb0b8 method=com.sun.org.apache.xerces.internal.impl.XMLEntityScanner.scanLiteral(ILcom/sun/org/apache/xerces/internal/xni/XMLString;Z)I @ 44
Event: 1.032 Thread 0x000002a8c7e8e800 Uncommon trap: reason=unstable_if action=reinterpret pc=0x000002a8c9bcc890 method=com.sun.org.apache.xerces.internal.util.SymbolTable.addSymbol([CII)Ljava/lang/String; @ 38
Event: 1.032 Thread 0x000002a8c7e8e800 Uncommon trap: reason=unstable_if action=reinterpret pc=0x000002a8c9bf5e44 method=com.sun.org.apache.xerces.internal.util.SymbolTable.addSymbol([CII)Ljava/lang/String; @ 38
Event: 1.062 Thread 0x000002a8c7e8e800 Uncommon trap: reason=unstable_if action=reinterpret pc=0x000002a8c9c0f518 method=com.sun.org.apache.xerces.internal.impl.XMLEntityScanner.scanContent(Lcom/sun/org/apache/xerces/internal/xni/XMLString;)I @ 418

Classes redefined (0 events):
No events

Internal exceptions (10 events):
Event: 1.428 Thread 0x000002a8c7e8e800 Exception <a 'java/lang/ClassNotFoundException': > (0x00000000a32a67b0) thrown at [J:\jenkins\tmp\workspace\build\src\hotspot\src\share\vm\prims\jni.cpp, line 738]
Event: 1.428 Thread 0x000002a8c7e8e800 Exception <a 'java/lang/ClassNotFoundException': > (0x00000000a32a9300) thrown at [J:\jenkins\tmp\workspace\build\src\hotspot\src\share\vm\prims\jni.cpp, line 738]
Event: 1.428 Thread 0x000002a8c7e8e800 Exception <a 'java/lang/ClassNotFoundException': > (0x00000000a32abee8) thrown at [J:\jenkins\tmp\workspace\build\src\hotspot\src\share\vm\prims\jni.cpp, line 738]
Event: 1.428 Thread 0x000002a8c7e8e800 Exception <a 'java/lang/ClassNotFoundException': > (0x00000000a32aea28) thrown at [J:\jenkins\tmp\workspace\build\src\hotspot\src\share\vm\prims\jni.cpp, line 738]
Event: 1.429 Thread 0x000002a8c7e8e800 Exception <a 'java/lang/ClassNotFoundException': > (0x00000000a32d86e0) thrown at [J:\jenkins\tmp\workspace\build\src\hotspot\src\share\vm\prims\jni.cpp, line 738]
Event: 1.429 Thread 0x000002a8c7e8e800 Exception <a 'java/lang/ClassNotFoundException': > (0x00000000a32fd8b8) thrown at [J:\jenkins\tmp\workspace\build\src\hotspot\src\share\vm\prims\jni.cpp, line 738]
Event: 1.429 Thread 0x000002a8c7e8e800 Exception <a 'java/lang/ClassNotFoundException': > (0x00000000a33004b0) thrown at [J:\jenkins\tmp\workspace\build\src\hotspot\src\share\vm\prims\jni.cpp, line 738]
Event: 1.429 Thread 0x000002a8c7e8e800 Exception <a 'java/lang/ClassNotFoundException': > (0x00000000a3302ff8) thrown at [J:\jenkins\tmp\workspace\build\src\hotspot\src\share\vm\prims\jni.cpp, line 738]
Event: 1.429 Thread 0x000002a8c7e8e800 Exception <a 'java/lang/ClassNotFoundException': > (0x00000000a3305b78) thrown at [J:\jenkins\tmp\workspace\build\src\hotspot\src\share\vm\prims\jni.cpp, line 738]
Event: 1.430 Thread 0x000002a8c7e8e800 Exception <a 'java/lang/ClassNotFoundException': > (0x00000000a3308778) thrown at [J:\jenkins\tmp\workspace\build\src\hotspot\src\share\vm\prims\jni.cpp, line 738]

Events (10 events):
Event: 1.288 Executing VM operation: GenCollectForAllocation
Event: 1.334 Executing VM operation: GenCollectForAllocation done
Event: 1.370 Thread 0x000002a8c7e8e800 DEOPT PACKING pc=0x000002a8c9c4ca50 sp=0x000000b9459fe0f0
Event: 1.370 Thread 0x000002a8c7e8e800 DEOPT UNPACKING pc=0x000002a8c98f71d8 sp=0x000000b9459fde40 mode 0
Event: 1.375 Thread 0x000002a8c7e8e800 DEOPT PACKING pc=0x000002a8c9c4ca50 sp=0x000000b9459fe0f0
Event: 1.375 Thread 0x000002a8c7e8e800 DEOPT UNPACKING pc=0x000002a8c98f71d8 sp=0x000000b9459fde40 mode 0
Event: 1.383 Thread 0x000002a8c7e8e800 DEOPT PACKING pc=0x000002a8c9c4ca50 sp=0x000000b9459fe0f0
Event: 1.383 Thread 0x000002a8c7e8e800 DEOPT UNPACKING pc=0x000002a8c98f71d8 sp=0x000000b9459fde40 mode 0
Event: 1.412 loading class com/altera/sopcmodel/transforms/interfaces/ITransformStep
Event: 1.412 loading class com/altera/sopcmodel/transforms/interfaces/ITransformStep done


Dynamic libraries:
0x00007ff61e680000 - 0x00007ff61e6ba000 	C:\intelfpga_lite\20.1\quartus\bin64\jre64\bin\java.exe
0x00007ffba5b10000 - 0x00007ffba5d05000 	C:\Windows\SYSTEM32\ntdll.dll
0x00007ffb7bb60000 - 0x00007ffb7bb75000 	C:\Program Files\Avast Software\Avast\aswhook.dll
0x00007ffba5140000 - 0x00007ffba51fd000 	C:\Windows\System32\KERNEL32.DLL
0x00007ffba37c0000 - 0x00007ffba3a88000 	C:\Windows\System32\KERNELBASE.dll
0x00007ffba4a60000 - 0x00007ffba4b0c000 	C:\Windows\System32\ADVAPI32.dll
0x00007ffba4820000 - 0x00007ffba48be000 	C:\Windows\System32\msvcrt.dll
0x00007ffba58f0000 - 0x00007ffba598b000 	C:\Windows\System32\sechost.dll
0x00007ffba4b20000 - 0x00007ffba4c4b000 	C:\Windows\System32\RPCRT4.dll
0x00007ffba4d90000 - 0x00007ffba4f30000 	C:\Windows\System32\USER32.dll
0x00007ffba3410000 - 0x00007ffba3432000 	C:\Windows\System32\win32u.dll
0x00007ffba3c50000 - 0x00007ffba3c7a000 	C:\Windows\System32\GDI32.dll
0x00007ffba3300000 - 0x00007ffba340b000 	C:\Windows\System32\gdi32full.dll
0x00007ffba3440000 - 0x00007ffba34dd000 	C:\Windows\System32\msvcp_win.dll
0x00007ffba34e0000 - 0x00007ffba35e0000 	C:\Windows\System32\ucrtbase.dll
0x00007ffb897c0000 - 0x00007ffb89a5a000 	C:\Windows\WinSxS\amd64_microsoft.windows.common-controls_6595b64144ccf1df_6.0.19041.844_none_ca00b6081b84eb1d\COMCTL32.dll
0x00007ffba3b70000 - 0x00007ffba3ba0000 	C:\Windows\System32\IMM32.DLL
0x00007ffb2d600000 - 0x00007ffb2d6ef000 	C:\intelfpga_lite\20.1\quartus\bin64\jre64\bin\msvcr120.dll
0x00007ffb2d550000 - 0x00007ffb2d5f6000 	C:\intelfpga_lite\20.1\quartus\bin64\jre64\bin\msvcp120.dll
0x0000000075f50000 - 0x00000000767b6000 	C:\intelfpga_lite\20.1\quartus\bin64\jre64\bin\server\jvm.dll
0x00007ffba3c80000 - 0x00007ffba3c88000 	C:\Windows\System32\PSAPI.DLL
0x00007ffb91ab0000 - 0x00007ffb91ab9000 	C:\Windows\SYSTEM32\WSOCK32.dll
0x00007ffb9d180000 - 0x00007ffb9d18a000 	C:\Windows\SYSTEM32\VERSION.dll
0x00007ffb9a650000 - 0x00007ffb9a677000 	C:\Windows\SYSTEM32\WINMM.dll
0x00007ffba4d20000 - 0x00007ffba4d8b000 	C:\Windows\System32\WS2_32.dll
0x00007ffb9a200000 - 0x00007ffb9a20f000 	C:\intelfpga_lite\20.1\quartus\bin64\jre64\bin\verify.dll
0x00007ffb8a360000 - 0x00007ffb8a388000 	C:\intelfpga_lite\20.1\quartus\bin64\jre64\bin\java.dll
0x00007ffb892f0000 - 0x00007ffb89306000 	C:\intelfpga_lite\20.1\quartus\bin64\jre64\bin\zip.dll
0x00007ffba3c90000 - 0x00007ffba43d2000 	C:\Windows\System32\SHELL32.dll
0x00007ffba13a0000 - 0x00007ffba1b30000 	C:\Windows\SYSTEM32\windows.storage.dll
0x00007ffba43e0000 - 0x00007ffba4735000 	C:\Windows\System32\combase.dll
0x00007ffba2bf0000 - 0x00007ffba2c1c000 	C:\Windows\SYSTEM32\Wldp.dll
0x00007ffba3ba0000 - 0x00007ffba3c4e000 	C:\Windows\System32\SHCORE.dll
0x00007ffba4a00000 - 0x00007ffba4a55000 	C:\Windows\System32\shlwapi.dll
0x00007ffba3190000 - 0x00007ffba31af000 	C:\Windows\SYSTEM32\profapi.dll

VM Arguments:
jvm_args: -Xmx1500M -XX:+UseSerialGC 
java_command: com.altera.sopcmodel.sbtools.sbcatalog.SbCatalog --xml --project-directory= --search-path=$,C:\Users\Manu\Documents\UFPE\Eletrônica Digital\Projeto1,C:\Users\Manu\Documents\UFPE\Eletrônica Digital\Projeto1
java_class_path (initial): C:/intelfpga_lite/20.1/quartus/sopc_builder/model/lib\Nlview.jar;C:/intelfpga_lite/20.1/quartus/sopc_builder/model/lib\TableLayout.jar;C:/intelfpga_lite/20.1/quartus/sopc_builder/model/lib\appframework-1.03.jar;C:/intelfpga_lite/20.1/quartus/sopc_builder/model/lib\asm-3.1.jar;C:/intelfpga_lite/20.1/quartus/sopc_builder/model/lib\asm-commons-3.1.jar;C:/intelfpga_lite/20.1/quartus/sopc_builder/model/lib\basicmodel.jar;C:/intelfpga_lite/20.1/quartus/sopc_builder/model/lib\beansbinding-1.2.1.jar;C:/intelfpga_lite/20.1/quartus/sopc_builder/model/lib\binding-2.0.6.jar;C:/intelfpga_lite/20.1/quartus/sopc_builder/model/lib\com.altera.componenteditor2.jar;C:/intelfpga_lite/20.1/quartus/sopc_builder/model/lib\com.altera.embeddedsw.app_lib.jar;C:/intelfpga_lite/20.1/quartus/sopc_builder/model/lib\com.altera.embeddedsw.bsp.editor.jar;C:/intelfpga_lite/20.1/quartus/sopc_builder/model/lib\com.altera.embeddedsw.bsp.elements.jar;C:/intelfpga_lite/20.1/quartus/sopc_builder/model/lib\com.altera.embeddedsw.bsp.jar;C:/intelfpga_lite/20.1/quartus/sopc_builder/model/lib\com.altera.embeddedsw.bsp.plugin.core.jar;C:/intelfpga_lite/20.1/quartus/sopc_builder/model/lib\com.altera.embeddedsw.bsp.plugin.hal.jar;C:/intelfpga_lite/20.1/quartus/sopc_builder/model/lib\com.altera.embeddedsw.bsp.plugin.lwhal.jar;C:/intelfpga_lite/20.1/quartus/sopc_builder/model/lib\com.altera.embeddedsw.bsp.schema.jar;C:/intelfpga_lite/20.1/quartus/sopc_builder/model/lib\com.altera.embeddedsw.bsp.scripting.jar;C:/intelfpga_lite/20.1/quartus/sopc_builder/model/lib\com.altera.embeddedsw.commandline.jar;C:/intelfpga_lite/20.1/quartus/sopc_builder/model/lib\com.altera.embeddedsw.cpexample.jar;C:/intelfpga_lite/20.1/quartus/sopc_builder/model/lib\com.altera.embeddedsw.flash.jar;C:/intelfpga_lite/20.1/quartus/sopc_builder/model/lib\com.altera.embeddedsw.launch.jar;C:/intelfpga_lite/20.1/quartus/sopc_builder/model/lib\com.altera.embeddedsw.swinfo.jar;C:/intelfpga_lite/20.1/quartus/sopc_builder/m
Launcher Type: SUN_STANDARD

Environment Variables:
PATH=C:/intelfpga_lite/20.1/quartus/bin64;c:\intelfpga_lite\20.1\quartus\bin64\;c:\intelfpga_lite\20.1\quartus\bin64\;C:\Windows\system32;C:\Windows;C:\Windows\System32\Wbem;C:\Windows\System32\WindowsPowerShell\v1.0\;C:\Windows\System32\OpenSSH\;C:\Users\Manu\AppData\Local\Microsoft\WindowsApps;;C:\Users\Manu\AppData\Local\Programs\Microsoft VS Code\bin
USERNAME=Manu
OS=Windows_NT
PROCESSOR_IDENTIFIER=AMD64 Family 23 Model 24 Stepping 1, AuthenticAMD



---------------  S Y S T E M  ---------------

OS: Windows 10.0 , 64 bit Build 19041 (10.0.19041.928)

CPU:total 8 (initial active 8) (8 cores per cpu, 1 threads per core) family 23 model 24 stepping 1, cmov, cx8, fxsr, mmx, sse, sse2, sse3, ssse3, sse4.1, sse4.2, popcnt, avx, avx2, aes, clmul, mmxext, 3dnowpref, lzcnt, sse4a, tsc, tscinvbit, tscinv, bmi1

Memory: 4k page, physical 5985536k(1772644k free), swap 5985536k(5888k free)

vm_info: OpenJDK 64-Bit Server VM (25.265-b01) for windows-amd64 JRE (1.8.0_265-b01), built on Jul 28 2020 15:11:27 by "jenkins" with MS VC++ 12.0 (VS2013)

time: Sat Oct 16 01:08:23 2021
timezone: Hora oficial do Brasil
elapsed time: 1 seconds (0d 0h 0m 1s)

