#
# There is insufficient memory for the Java Runtime Environment to continue.
# Native memory allocation (malloc) failed to allocate 32744 bytes for ChunkPool::allocate
# Possible reasons:
#   The system is out of physical RAM or swap space
#   The process is running with CompressedOops enabled, and the Java Heap may be blocking the growth of the native heap
# Possible solutions:
#   Reduce memory load on the system
#   Increase physical memory or swap space
#   Check if swap backing store is full
#   Decrease Java heap size (-Xmx/-Xms)
#   Decrease number of Java threads
#   Decrease Java thread stack sizes (-Xss)
#   Set larger code cache with -XX:ReservedCodeCacheSize=
#   JVM is running with Unscaled Compressed Oops mode in which the Java heap is
#     placed in the first 4GB address space. The Java Heap base address is the
#     maximum limit for the native heap growth. Please use -XX:HeapBaseMinAddress
#     to set the Java Heap base and to place the Java Heap above 4GB virtual address.
# This output file may be truncated or incomplete.
#
#  Out of Memory Error (allocation.cpp:272), pid=6604, tid=0x0000000000002538
#
# JRE version: OpenJDK Runtime Environment (8.0_265-b01) (build 1.8.0_265-b01)
# Java VM: OpenJDK 64-Bit Server VM (25.265-b01 mixed mode windows-amd64 compressed oops)
# Failed to write core dump. Minidumps are not enabled by default on client versions of Windows
#

---------------  T H R E A D  ---------------

Current thread (0x000001c1ae57a000):  JavaThread "C2 CompilerThread0" daemon [_thread_in_native, id=9528, stack(0x0000009d96400000,0x0000009d96500000)]

Stack: [0x0000009d96400000,0x0000009d96500000]
[error occurred during error reporting (printing stack bounds), id 0xc0000005]

Native frames: (J=compiled Java code, j=interpreted, Vv=VM code, C=native code)


Current CompileTask:
C2:   1419 1668   !   4       com.sun.xml.bind.v2.bytecode.ClassTailor::tailor (381 bytes)


---------------  P R O C E S S  ---------------

Java Threads: ( => current thread )
  0x000001c1ae5a1800 JavaThread "Service Thread" daemon [_thread_blocked, id=4688, stack(0x0000009d96800000,0x0000009d96900000)]
  0x000001c1ae58e800 JavaThread "C1 CompilerThread3" daemon [_thread_in_vm, id=7384, stack(0x0000009d96700000,0x0000009d96800000)]
  0x000001c1ae591800 JavaThread "C2 CompilerThread2" daemon [_thread_in_native, id=1312, stack(0x0000009d96600000,0x0000009d96700000)]
  0x000001c1ae57d000 JavaThread "C2 CompilerThread1" daemon [_thread_in_native, id=784, stack(0x0000009d96500000,0x0000009d96600000)]
=>0x000001c1ae57a000 JavaThread "C2 CompilerThread0" daemon [_thread_in_native, id=9528, stack(0x0000009d96400000,0x0000009d96500000)]
  0x000001c1ae576800 JavaThread "Attach Listener" daemon [_thread_blocked, id=7336, stack(0x0000009d96300000,0x0000009d96400000)]
  0x000001c1ae575000 JavaThread "Signal Dispatcher" daemon [_thread_blocked, id=3824, stack(0x0000009d96200000,0x0000009d96300000)]
  0x000001c1ae54a000 JavaThread "Finalizer" daemon [_thread_blocked, id=4400, stack(0x0000009d96100000,0x0000009d96200000)]
  0x000001c1ae542800 JavaThread "Reference Handler" daemon [_thread_blocked, id=8408, stack(0x0000009d96000000,0x0000009d96100000)]
  0x000001c19c9ec800 JavaThread "main" [_thread_in_native, id=5876, stack(0x0000009d95e00000,0x0000009d95f00000)]

Other Threads:
  0x000001c1ae516800 VMThread [stack: 0x0000009d95f00000,0x0000009d96000000] [id=6552]
  0x000001c1ae5a6000 WatcherThread [stack: 0x0000009d96900000,0x0000009d96a00000] [id=2344]

VM state:not at safepoint (normal execution)

VM Mutex/Monitor currently owned by a thread: None

heap address: 0x00000000a2400000, size: 1500 MB, Compressed Oops mode: 32-bit
Narrow klass base: 0x0000000000000000, Narrow klass shift: 3
Compressed class space size: 1073741824 Address: 0x0000000100000000

Heap:
 def new generation   total 28224K, used 11989K [0x00000000a2400000, 0x00000000a42a0000, 0x00000000c1800000)
  eden space 25088K,  40% used [0x00000000a2400000, 0x00000000a2dd4db8, 0x00000000a3c80000)
  from space 3136K,  61% used [0x00000000a3c80000, 0x00000000a3e60778, 0x00000000a3f90000)
  to   space 3136K,   0% used [0x00000000a3f90000, 0x00000000a3f90000, 0x00000000a42a0000)
 tenured generation   total 62848K, used 3996K [0x00000000c1800000, 0x00000000c5560000, 0x0000000100000000)
   the space 62848K,   6% used [0x00000000c1800000, 0x00000000c1be7230, 0x00000000c1be7400, 0x00000000c5560000)
 Metaspace       used 11767K, capacity 12026K, committed 12160K, reserved 1060864K
  class space    used 1295K, capacity 1343K, committed 1408K, reserved 1048576K

Card table byte_map: [0x000001c1ad730000,0x000001c1ada20000] byte_map_base: 0x000001c1ad21e000

Polling page: 0x000001c19e340000

CodeCache: size=245760Kb used=6452Kb max_used=6452Kb free=239307Kb
 bounds [0x000001c19e370000, 0x000001c19e9d0000, 0x000001c1ad370000]
 total_blobs=2141 nmethods=1800 adapters=254
 compilation: enabled

Compilation events (10 events):
Event: 1.397 Thread 0x000001c1ae58e800 nmethod 1799 0x000001c19e9ba390 code [0x000001c19e9ba580, 0x000001c19e9baca0]
Event: 1.397 Thread 0x000001c1ae58e800 1800   !   3       sun.reflect.GeneratedConstructorAccessor3::newInstance (53 bytes)
Event: 1.397 Thread 0x000001c1ae58e800 nmethod 1800 0x000001c19e9bb050 code [0x000001c19e9bb240, 0x000001c19e9bba90]
Event: 1.397 Thread 0x000001c1ae58e800 1801   !   3       sun.reflect.GeneratedMethodAccessor7::invoke (63 bytes)
Event: 1.397 Thread 0x000001c1ae58e800 nmethod 1801 0x000001c19e9bc050 code [0x000001c19e9bc240, 0x000001c19e9bc960]
Event: 1.397 Thread 0x000001c1ae58e800 1802   !   3       sun.reflect.GeneratedMethodAccessor8::invoke (63 bytes)
Event: 1.398 Thread 0x000001c1ae58e800 nmethod 1802 0x000001c19e9bcd10 code [0x000001c19e9bcf00, 0x000001c19e9bd620]
Event: 1.398 Thread 0x000001c1ae58e800 1803   !   3       sun.misc.URLClassPath$JarLoader::getResource (353 bytes)
Event: 1.401 Thread 0x000001c1ae58e800 nmethod 1803 0x000001c19e9bd9d0 code [0x000001c19e9bdde0, 0x000001c19e9bfcb0]
Event: 1.401 Thread 0x000001c1ae58e800 1804       3       sun.misc.JarIndex::get (49 bytes)

GC Heap History (8 events):
Event: 0.498 GC heap before
{Heap before GC invocations=0 (full 0):
 def new generation   total 28224K, used 25088K [0x00000000a2400000, 0x00000000a42a0000, 0x00000000c1800000)
  eden space 25088K, 100% used [0x00000000a2400000, 0x00000000a3c80000, 0x00000000a3c80000)
  from space 3136K,   0% used [0x00000000a3c80000, 0x00000000a3c80000, 0x00000000a3f90000)
  to   space 3136K,   0% used [0x00000000a3f90000, 0x00000000a3f90000, 0x00000000a42a0000)
 tenured generation   total 62848K, used 0K [0x00000000c1800000, 0x00000000c5560000, 0x0000000100000000)
   the space 62848K,   0% used [0x00000000c1800000, 0x00000000c1800000, 0x00000000c1800200, 0x00000000c5560000)
 Metaspace       used 6676K, capacity 6840K, committed 6912K, reserved 1056768K
  class space    used 692K, capacity 724K, committed 768K, reserved 1048576K
Event: 0.505 GC heap after
Heap after GC invocations=1 (full 0):
 def new generation   total 28224K, used 3135K [0x00000000a2400000, 0x00000000a42a0000, 0x00000000c1800000)
  eden space 25088K,   0% used [0x00000000a2400000, 0x00000000a2400000, 0x00000000a3c80000)
  from space 3136K,  99% used [0x00000000a3f90000, 0x00000000a429fff8, 0x00000000a42a0000)
  to   space 3136K,   0% used [0x00000000a3c80000, 0x00000000a3c80000, 0x00000000a3f90000)
 tenured generation   total 62848K, used 545K [0x00000000c1800000, 0x00000000c5560000, 0x0000000100000000)
   the space 62848K,   0% used [0x00000000c1800000, 0x00000000c1888728, 0x00000000c1888800, 0x00000000c5560000)
 Metaspace       used 6676K, capacity 6840K, committed 6912K, reserved 1056768K
  class space    used 692K, capacity 724K, committed 768K, reserved 1048576K
}
Event: 0.867 GC heap before
{Heap before GC invocations=1 (full 0):
 def new generation   total 28224K, used 28223K [0x00000000a2400000, 0x00000000a42a0000, 0x00000000c1800000)
  eden space 25088K, 100% used [0x00000000a2400000, 0x00000000a3c80000, 0x00000000a3c80000)
  from space 3136K,  99% used [0x00000000a3f90000, 0x00000000a429fff8, 0x00000000a42a0000)
  to   space 3136K,   0% used [0x00000000a3c80000, 0x00000000a3c80000, 0x00000000a3f90000)
 tenured generation   total 62848K, used 545K [0x00000000c1800000, 0x00000000c5560000, 0x0000000100000000)
   the space 62848K,   0% used [0x00000000c1800000, 0x00000000c1888728, 0x00000000c1888800, 0x00000000c5560000)
 Metaspace       used 11169K, capacity 11376K, committed 11648K, reserved 1058816K
  class space    used 1282K, capacity 1320K, committed 1408K, reserved 1048576K
Event: 0.876 GC heap after
Heap after GC invocations=2 (full 0):
 def new generation   total 28224K, used 3136K [0x00000000a2400000, 0x00000000a42a0000, 0x00000000c1800000)
  eden space 25088K,   0% used [0x00000000a2400000, 0x00000000a2400000, 0x00000000a3c80000)
  from space 3136K, 100% used [0x00000000a3c80000, 0x00000000a3f90000, 0x00000000a3f90000)
  to   space 3136K,   0% used [0x00000000a3f90000, 0x00000000a3f90000, 0x00000000a42a0000)
 tenured generation   total 62848K, used 2750K [0x00000000c1800000, 0x00000000c5560000, 0x0000000100000000)
   the space 62848K,   4% used [0x00000000c1800000, 0x00000000c1aafa78, 0x00000000c1aafc00, 0x00000000c5560000)
 Metaspace       used 11169K, capacity 11376K, committed 11648K, reserved 1058816K
  class space    used 1282K, capacity 1320K, committed 1408K, reserved 1048576K
}
Event: 1.111 GC heap before
{Heap before GC invocations=2 (full 0):
 def new generation   total 28224K, used 28224K [0x00000000a2400000, 0x00000000a42a0000, 0x00000000c1800000)
  eden space 25088K, 100% used [0x00000000a2400000, 0x00000000a3c80000, 0x00000000a3c80000)
  from space 3136K, 100% used [0x00000000a3c80000, 0x00000000a3f90000, 0x00000000a3f90000)
  to   space 3136K,   0% used [0x00000000a3f90000, 0x00000000a3f90000, 0x00000000a42a0000)
 tenured generation   total 62848K, used 2750K [0x00000000c1800000, 0x00000000c5560000, 0x0000000100000000)
   the space 62848K,   4% used [0x00000000c1800000, 0x00000000c1aafa78, 0x00000000c1aafc00, 0x00000000c5560000)
 Metaspace       used 11590K, capacity 11828K, committed 11904K, reserved 1060864K
  class space    used 1295K, capacity 1342K, committed 1408K, reserved 1048576K
Event: 1.120 GC heap after
Heap after GC invocations=3 (full 0):
 def new generation   total 28224K, used 1928K [0x00000000a2400000, 0x00000000a42a0000, 0x00000000c1800000)
  eden space 25088K,   0% used [0x00000000a2400000, 0x00000000a2400000, 0x00000000a3c80000)
  from space 3136K,  61% used [0x00000000a3f90000, 0x00000000a4172228, 0x00000000a42a0000)
  to   space 3136K,   0% used [0x00000000a3c80000, 0x00000000a3c80000, 0x00000000a3f90000)
 tenured generation   total 62848K, used 3876K [0x00000000c1800000, 0x00000000c5560000, 0x0000000100000000)
   the space 62848K,   6% used [0x00000000c1800000, 0x00000000c1bc9238, 0x00000000c1bc9400, 0x00000000c5560000)
 Metaspace       used 11590K, capacity 11828K, committed 11904K, reserved 1060864K
  class space    used 1295K, capacity 1342K, committed 1408K, reserved 1048576K
}
Event: 1.325 GC heap before
{Heap before GC invocations=3 (full 0):
 def new generation   total 28224K, used 27016K [0x00000000a2400000, 0x00000000a42a0000, 0x00000000c1800000)
  eden space 25088K, 100% used [0x00000000a2400000, 0x00000000a3c80000, 0x00000000a3c80000)
  from space 3136K,  61% used [0x00000000a3f90000, 0x00000000a4172228, 0x00000000a42a0000)
  to   space 3136K,   0% used [0x00000000a3c80000, 0x00000000a3c80000, 0x00000000a3f90000)
 tenured generation   total 62848K, used 3876K [0x00000000c1800000, 0x00000000c5560000, 0x0000000100000000)
   the space 62848K,   6% used [0x00000000c1800000, 0x00000000c1bc9238, 0x00000000c1bc9400, 0x00000000c5560000)
 Metaspace       used 11719K, capacity 11956K, committed 12160K, reserved 1060864K
  class space    used 1295K, capacity 1342K, committed 1408K, reserved 1048576K
Event: 1.332 GC heap after
Heap after GC invocations=4 (full 0):
 def new generation   total 28224K, used 1921K [0x00000000a2400000, 0x00000000a42a0000, 0x00000000c1800000)
  eden space 25088K,   0% used [0x00000000a2400000, 0x00000000a2400000, 0x00000000a3c80000)
  from space 3136K,  61% used [0x00000000a3c80000, 0x00000000a3e60778, 0x00000000a3f90000)
  to   space 3136K,   0% used [0x00000000a3f90000, 0x00000000a3f90000, 0x00000000a42a0000)
 tenured generation   total 62848K, used 3996K [0x00000000c1800000, 0x00000000c5560000, 0x0000000100000000)
   the space 62848K,   6% used [0x00000000c1800000, 0x00000000c1be7230, 0x00000000c1be7400, 0x00000000c5560000)
 Metaspace       used 11719K, capacity 11956K, committed 12160K, reserved 1060864K
  class space    used 1295K, capacity 1342K, committed 1408K, reserved 1048576K
}

Deoptimization events (7 events):
Event: 0.194 Thread 0x000001c19c9ec800 Uncommon trap: reason=unstable_if action=reinterpret pc=0x000001c19e473eb8 method=java.lang.String.hashCode()I @ 14
Event: 0.275 Thread 0x000001c19c9ec800 Uncommon trap: reason=unstable_if action=reinterpret pc=0x000001c19e50b7a8 method=java.lang.String.startsWith(Ljava/lang/String;I)Z @ 25
Event: 0.528 Thread 0x000001c19c9ec800 Uncommon trap: reason=unstable_if action=reinterpret pc=0x000001c19e5cb8a4 method=java.util.regex.Pattern.RemoveQEQuoting()V @ 22
Event: 0.554 Thread 0x000001c19c9ec800 Uncommon trap: reason=unstable_if action=reinterpret pc=0x000001c19e5dc954 method=java.io.BufferedReader.readLine(Z)Ljava/lang/String; @ 153
Event: 0.633 Thread 0x000001c19c9ec800 Uncommon trap: reason=unstable_if action=reinterpret pc=0x000001c19e6538c4 method=java.util.HashMap.getNode(ILjava/lang/Object;)Ljava/util/HashMap$Node; @ 129
Event: 0.656 Thread 0x000001c19c9ec800 Uncommon trap: reason=unstable_if action=reinterpret pc=0x000001c19e655ee4 method=java.util.HashMap.getNode(ILjava/lang/Object;)Ljava/util/HashMap$Node; @ 129
Event: 0.657 Thread 0x000001c19c9ec800 Uncommon trap: reason=range_check action=make_not_entrant pc=0x000001c19e66e660 method=sun.reflect.generics.parser.SignatureParser.current()C @ 34

Classes redefined (0 events):
No events

Internal exceptions (10 events):
Event: 1.259 Thread 0x000001c19c9ec800 Exception <a 'java/lang/ClassNotFoundException': com/sun/org/glassfish/hk2/osgiresourcelocator/ServiceLoader> (0x00000000a3523a48) thrown at [J:\jenkins\tmp\workspace\build\src\hotspot\src\share\vm\classfile\systemDictionary.cpp, line 215]
Event: 1.273 Thread 0x000001c19c9ec800 Exception <a 'java/lang/ClassNotFoundException': com/sun/org/glassfish/hk2/osgiresourcelocator/ServiceLoader> (0x00000000a36a57b8) thrown at [J:\jenkins\tmp\workspace\build\src\hotspot\src\share\vm\classfile\systemDictionary.cpp, line 215]
Event: 1.288 Thread 0x000001c19c9ec800 Exception <a 'java/lang/ClassNotFoundException': com/sun/org/glassfish/hk2/osgiresourcelocator/ServiceLoader> (0x00000000a382a980) thrown at [J:\jenkins\tmp\workspace\build\src\hotspot\src\share\vm\classfile\systemDictionary.cpp, line 215]
Event: 1.304 Thread 0x000001c19c9ec800 Exception <a 'java/lang/ClassNotFoundException': com/sun/org/glassfish/hk2/osgiresourcelocator/ServiceLoader> (0x00000000a39afb30) thrown at [J:\jenkins\tmp\workspace\build\src\hotspot\src\share\vm\classfile\systemDictionary.cpp, line 215]
Event: 1.316 Thread 0x000001c19c9ec800 Exception <a 'java/lang/ClassNotFoundException': com/sun/org/glassfish/hk2/osgiresourcelocator/ServiceLoader> (0x00000000a3b34878) thrown at [J:\jenkins\tmp\workspace\build\src\hotspot\src\share\vm\classfile\systemDictionary.cpp, line 215]
Event: 1.336 Thread 0x000001c19c9ec800 Exception <a 'java/lang/ClassNotFoundException': com/sun/org/glassfish/hk2/osgiresourcelocator/ServiceLoader> (0x00000000a2438270) thrown at [J:\jenkins\tmp\workspace\build\src\hotspot\src\share\vm\classfile\systemDictionary.cpp, line 215]
Event: 1.348 Thread 0x000001c19c9ec800 Exception <a 'java/lang/ClassNotFoundException': com/sun/org/glassfish/hk2/osgiresourcelocator/ServiceLoader> (0x00000000a25bc690) thrown at [J:\jenkins\tmp\workspace\build\src\hotspot\src\share\vm\classfile\systemDictionary.cpp, line 215]
Event: 1.361 Thread 0x000001c19c9ec800 Exception <a 'java/lang/ClassNotFoundException': com/sun/org/glassfish/hk2/osgiresourcelocator/ServiceLoader> (0x00000000a2743e10) thrown at [J:\jenkins\tmp\workspace\build\src\hotspot\src\share\vm\classfile\systemDictionary.cpp, line 215]
Event: 1.384 Thread 0x000001c19c9ec800 Exception <a 'java/lang/ClassNotFoundException': com/sun/org/glassfish/hk2/osgiresourcelocator/ServiceLoader> (0x00000000a28c8068) thrown at [J:\jenkins\tmp\workspace\build\src\hotspot\src\share\vm\classfile\systemDictionary.cpp, line 215]
Event: 1.396 Thread 0x000001c19c9ec800 Exception <a 'java/lang/ClassNotFoundException': com/sun/org/glassfish/hk2/osgiresourcelocator/ServiceLoader> (0x00000000a2a4c478) thrown at [J:\jenkins\tmp\workspace\build\src\hotspot\src\share\vm\classfile\systemDictionary.cpp, line 215]

Events (10 events):
Event: 1.396 loading class com/sun/org/glassfish/hk2/osgiresourcelocator/ServiceLoader
Event: 1.396 loading class com/sun/org/glassfish/hk2/osgiresourcelocator/ServiceLoader done
Event: 1.397 loading class java/lang/ObjectFactory
Event: 1.397 loading class java/lang/ObjectFactory done
Event: 1.398 loading class java/lang/ObjectFactory
Event: 1.398 loading class java/lang/ObjectFactory done
Event: 1.399 loading class java/lang/ObjectFactory
Event: 1.399 loading class java/lang/ObjectFactory done
Event: 1.401 Thread 0x000001c19c9ec800 DEOPT PACKING pc=0x000001c19e7b8f9d sp=0x0000009d95efd830
Event: 1.401 Thread 0x000001c19c9ec800 DEOPT UNPACKING pc=0x000001c19e3b71d8 sp=0x0000009d95efd600 mode 0


Dynamic libraries:
0x00007ff61e680000 - 0x00007ff61e6ba000 	C:\intelfpga_lite\20.1\quartus\bin64\jre64\bin\java.exe
0x00007ffba5b10000 - 0x00007ffba5d05000 	C:\Windows\SYSTEM32\ntdll.dll
0x00007ffb7bb60000 - 0x00007ffb7bb75000 	C:\Program Files\Avast Software\Avast\aswhook.dll
0x00007ffba5140000 - 0x00007ffba51fd000 	C:\Windows\System32\KERNEL32.DLL
0x00007ffba37c0000 - 0x00007ffba3a88000 	C:\Windows\System32\KERNELBASE.dll
0x00007ffba4a60000 - 0x00007ffba4b0c000 	C:\Windows\System32\ADVAPI32.dll
0x00007ffba4820000 - 0x00007ffba48be000 	C:\Windows\System32\msvcrt.dll
0x00007ffba58f0000 - 0x00007ffba598b000 	C:\Windows\System32\sechost.dll
0x00007ffba4b20000 - 0x00007ffba4c4b000 	C:\Windows\System32\RPCRT4.dll
0x00007ffba4d90000 - 0x00007ffba4f30000 	C:\Windows\System32\USER32.dll
0x00007ffba3410000 - 0x00007ffba3432000 	C:\Windows\System32\win32u.dll
0x00007ffba3c50000 - 0x00007ffba3c7a000 	C:\Windows\System32\GDI32.dll
0x00007ffba3300000 - 0x00007ffba340b000 	C:\Windows\System32\gdi32full.dll
0x00007ffba3440000 - 0x00007ffba34dd000 	C:\Windows\System32\msvcp_win.dll
0x00007ffba34e0000 - 0x00007ffba35e0000 	C:\Windows\System32\ucrtbase.dll
0x00007ffb897c0000 - 0x00007ffb89a5a000 	C:\Windows\WinSxS\amd64_microsoft.windows.common-controls_6595b64144ccf1df_6.0.19041.844_none_ca00b6081b84eb1d\COMCTL32.dll
0x00007ffba3b70000 - 0x00007ffba3ba0000 	C:\Windows\System32\IMM32.DLL
0x00007ffb2ded0000 - 0x00007ffb2dfbf000 	C:\intelfpga_lite\20.1\quartus\bin64\jre64\bin\msvcr120.dll
0x00007ffb2de20000 - 0x00007ffb2dec6000 	C:\intelfpga_lite\20.1\quartus\bin64\jre64\bin\msvcp120.dll
0x0000000075f50000 - 0x00000000767b6000 	C:\intelfpga_lite\20.1\quartus\bin64\jre64\bin\server\jvm.dll
0x00007ffba3c80000 - 0x00007ffba3c88000 	C:\Windows\System32\PSAPI.DLL
0x00007ffb9a650000 - 0x00007ffb9a677000 	C:\Windows\SYSTEM32\WINMM.dll
0x00007ffb91ab0000 - 0x00007ffb91ab9000 	C:\Windows\SYSTEM32\WSOCK32.dll
0x00007ffb9d180000 - 0x00007ffb9d18a000 	C:\Windows\SYSTEM32\VERSION.dll
0x00007ffba4d20000 - 0x00007ffba4d8b000 	C:\Windows\System32\WS2_32.dll
0x00007ffb9a220000 - 0x00007ffb9a22f000 	C:\intelfpga_lite\20.1\quartus\bin64\jre64\bin\verify.dll
0x00007ffb8c030000 - 0x00007ffb8c058000 	C:\intelfpga_lite\20.1\quartus\bin64\jre64\bin\java.dll
0x00007ffb8d1b0000 - 0x00007ffb8d1c6000 	C:\intelfpga_lite\20.1\quartus\bin64\jre64\bin\zip.dll
0x00007ffba3c90000 - 0x00007ffba43d2000 	C:\Windows\System32\SHELL32.dll
0x00007ffba13a0000 - 0x00007ffba1b30000 	C:\Windows\SYSTEM32\windows.storage.dll
0x00007ffba43e0000 - 0x00007ffba4735000 	C:\Windows\System32\combase.dll
0x00007ffba2bf0000 - 0x00007ffba2c1c000 	C:\Windows\SYSTEM32\Wldp.dll
0x00007ffba3ba0000 - 0x00007ffba3c4e000 	C:\Windows\System32\SHCORE.dll
0x00007ffba4a00000 - 0x00007ffba4a55000 	C:\Windows\System32\shlwapi.dll
0x00007ffba3190000 - 0x00007ffba31af000 	C:\Windows\SYSTEM32\profapi.dll

VM Arguments:
jvm_args: -Xmx1500M -XX:+UseSerialGC 
java_command: com.altera.sopcmodel.sbtools.sbcatalog.SbCatalog --xml --project-directory= --search-path=C:/Users/Manu/Documents/UFPE/Eletrônica Digital/Projeto1/,C:\Users\Manu\Documents\UFPE\Eletrônica Digital\Projeto1
java_class_path (initial): C:/intelfpga_lite/20.1/quartus/sopc_builder/model/lib\Nlview.jar;C:/intelfpga_lite/20.1/quartus/sopc_builder/model/lib\TableLayout.jar;C:/intelfpga_lite/20.1/quartus/sopc_builder/model/lib\appframework-1.03.jar;C:/intelfpga_lite/20.1/quartus/sopc_builder/model/lib\asm-3.1.jar;C:/intelfpga_lite/20.1/quartus/sopc_builder/model/lib\asm-commons-3.1.jar;C:/intelfpga_lite/20.1/quartus/sopc_builder/model/lib\basicmodel.jar;C:/intelfpga_lite/20.1/quartus/sopc_builder/model/lib\beansbinding-1.2.1.jar;C:/intelfpga_lite/20.1/quartus/sopc_builder/model/lib\binding-2.0.6.jar;C:/intelfpga_lite/20.1/quartus/sopc_builder/model/lib\com.altera.componenteditor2.jar;C:/intelfpga_lite/20.1/quartus/sopc_builder/model/lib\com.altera.embeddedsw.app_lib.jar;C:/intelfpga_lite/20.1/quartus/sopc_builder/model/lib\com.altera.embeddedsw.bsp.editor.jar;C:/intelfpga_lite/20.1/quartus/sopc_builder/model/lib\com.altera.embeddedsw.bsp.elements.jar;C:/intelfpga_lite/20.1/quartus/sopc_builder/model/lib\com.altera.embeddedsw.bsp.jar;C:/intelfpga_lite/20.1/quartus/sopc_builder/model/lib\com.altera.embeddedsw.bsp.plugin.core.jar;C:/intelfpga_lite/20.1/quartus/sopc_builder/model/lib\com.altera.embeddedsw.bsp.plugin.hal.jar;C:/intelfpga_lite/20.1/quartus/sopc_builder/model/lib\com.altera.embeddedsw.bsp.plugin.lwhal.jar;C:/intelfpga_lite/20.1/quartus/sopc_builder/model/lib\com.altera.embeddedsw.bsp.schema.jar;C:/intelfpga_lite/20.1/quartus/sopc_builder/model/lib\com.altera.embeddedsw.bsp.scripting.jar;C:/intelfpga_lite/20.1/quartus/sopc_builder/model/lib\com.altera.embeddedsw.commandline.jar;C:/intelfpga_lite/20.1/quartus/sopc_builder/model/lib\com.altera.embeddedsw.cpexample.jar;C:/intelfpga_lite/20.1/quartus/sopc_builder/model/lib\com.altera.embeddedsw.flash.jar;C:/intelfpga_lite/20.1/quartus/sopc_builder/model/lib\com.altera.embeddedsw.launch.jar;C:/intelfpga_lite/20.1/quartus/sopc_builder/model/lib\com.altera.embeddedsw.swinfo.jar;C:/intelfpga_lite/20.1/quartus/sopc_builder/m
Launcher Type: SUN_STANDARD

Environment Variables:
PATH=C:/intelfpga_lite/20.1/quartus/bin64;c:\intelfpga_lite\20.1\quartus\bin64\;c:\intelfpga_lite\20.1\quartus\bin64\;C:\Windows\system32;C:\Windows;C:\Windows\System32\Wbem;C:\Windows\System32\WindowsPowerShell\v1.0\;C:\Windows\System32\OpenSSH\;C:\Users\Manu\AppData\Local\Microsoft\WindowsApps;;C:\Users\Manu\AppData\Local\Programs\Microsoft VS Code\bin
USERNAME=Manu
OS=Windows_NT
PROCESSOR_IDENTIFIER=AMD64 Family 23 Model 24 Stepping 1, AuthenticAMD



---------------  S Y S T E M  ---------------

OS: Windows 10.0 , 64 bit Build 19041 (10.0.19041.928)

CPU:total 8 (initial active 8) (8 cores per cpu, 1 threads per core) family 23 model 24 stepping 1, cmov, cx8, fxsr, mmx, sse, sse2, sse3, ssse3, sse4.1, sse4.2, popcnt, avx, avx2, aes, clmul, mmxext, 3dnowpref, lzcnt, sse4a, tsc, tscinvbit, tscinv, bmi1

Memory: 4k page, physical 5985536k(1806408k free), swap 5985536k(5120k free)

vm_info: OpenJDK 64-Bit Server VM (25.265-b01) for windows-amd64 JRE (1.8.0_265-b01), built on Jul 28 2020 15:11:27 by "jenkins" with MS VC++ 12.0 (VS2013)

time: Fri Oct 15 23:41:27 2021
timezone: Hora oficial do Brasil
elapsed time: 1 seconds (0d 0h 0m 1s)

