#
# There is insufficient memory for the Java Runtime Environment to continue.
# Native memory allocation (malloc) failed to allocate 878416 bytes for Chunk::new
# Possible reasons:
#   The system is out of physical RAM or swap space
#   The process is running with CompressedOops enabled, and the Java Heap may be blocking the growth of the native heap
# Possible solutions:
#   Reduce memory load on the system
#   Increase physical memory or swap space
#   Check if swap backing store is full
#   Decrease Java heap size (-Xmx/-Xms)
#   Decrease number of Java threads
#   Decrease Java thread stack sizes (-Xss)
#   Set larger code cache with -XX:ReservedCodeCacheSize=
#   JVM is running with Unscaled Compressed Oops mode in which the Java heap is
#     placed in the first 4GB address space. The Java Heap base address is the
#     maximum limit for the native heap growth. Please use -XX:HeapBaseMinAddress
#     to set the Java Heap base and to place the Java Heap above 4GB virtual address.
# This output file may be truncated or incomplete.
#
#  Out of Memory Error (allocation.cpp:389), pid=2996, tid=0x0000000000000ef4
#
# JRE version: OpenJDK Runtime Environment (8.0_265-b01) (build 1.8.0_265-b01)
# Java VM: OpenJDK 64-Bit Server VM (25.265-b01 mixed mode windows-amd64 compressed oops)
# Failed to write core dump. Minidumps are not enabled by default on client versions of Windows
#

---------------  T H R E A D  ---------------

Current thread (0x000001f82e26c000):  JavaThread "C2 CompilerThread1" daemon [_thread_in_native, id=3828, stack(0x000000871af00000,0x000000871b000000)]

Stack: [0x000000871af00000,0x000000871b000000]
[error occurred during error reporting (printing stack bounds), id 0xc0000005]

Native frames: (J=compiled Java code, j=interpreted, Vv=VM code, C=native code)


Current CompileTask:
C2:   3645 2163       4       sun.reflect.generics.parser.SignatureParser::parseFieldTypeSignature (73 bytes)


---------------  P R O C E S S  ---------------

Java Threads: ( => current thread )
  0x000001f82e303800 JavaThread "Service Thread" daemon [_thread_blocked, id=7232, stack(0x000000871b200000,0x000000871b300000)]
  0x000001f82e273800 JavaThread "C1 CompilerThread3" daemon [_thread_in_native, id=10096, stack(0x000000871b100000,0x000000871b200000)]
  0x000001f82e271800 JavaThread "C2 CompilerThread2" daemon [_thread_in_native, id=7000, stack(0x000000871b000000,0x000000871b100000)]
=>0x000001f82e26c000 JavaThread "C2 CompilerThread1" daemon [_thread_in_native, id=3828, stack(0x000000871af00000,0x000000871b000000)]
  0x000001f82e267800 JavaThread "C2 CompilerThread0" daemon [_thread_in_native, id=8844, stack(0x000000871ae00000,0x000000871af00000)]
  0x000001f82e25b800 JavaThread "Attach Listener" daemon [_thread_blocked, id=5808, stack(0x000000871ad00000,0x000000871ae00000)]
  0x000001f82e259800 JavaThread "Signal Dispatcher" daemon [_thread_blocked, id=8824, stack(0x000000871ac00000,0x000000871ad00000)]
  0x000001f82e23c000 JavaThread "Finalizer" daemon [_thread_blocked, id=9336, stack(0x000000871ab00000,0x000000871ac00000)]
  0x000001f82e234800 JavaThread "Reference Handler" daemon [_thread_blocked, id=10164, stack(0x000000871aa00000,0x000000871ab00000)]
  0x000001f81c7fe000 JavaThread "main" [_thread_in_vm, id=4976, stack(0x000000871a800000,0x000000871a900000)]

Other Threads:
  0x000001f82e208800 VMThread [stack: 0x000000871a900000,0x000000871aa00000] [id=7988]
  0x000001f82e284000 WatcherThread [stack: 0x000000871b300000,0x000000871b400000] [id=5420]

VM state:not at safepoint (normal execution)

VM Mutex/Monitor currently owned by a thread: None

heap address: 0x00000000a2400000, size: 1500 MB, Compressed Oops mode: 32-bit
Narrow klass base: 0x0000000000000000, Narrow klass shift: 3
Compressed class space size: 1073741824 Address: 0x0000000100000000

Heap:
 def new generation   total 28224K, used 18988K [0x00000000a2400000, 0x00000000a42a0000, 0x00000000c1800000)
  eden space 25088K,  67% used [0x00000000a2400000, 0x00000000a3480ab8, 0x00000000a3c80000)
  from space 3136K,  66% used [0x00000000a3c80000, 0x00000000a3e8a590, 0x00000000a3f90000)
  to   space 3136K,   0% used [0x00000000a3f90000, 0x00000000a3f90000, 0x00000000a42a0000)
 tenured generation   total 62848K, used 4388K [0x00000000c1800000, 0x00000000c5560000, 0x0000000100000000)
   the space 62848K,   6% used [0x00000000c1800000, 0x00000000c1c49118, 0x00000000c1c49200, 0x00000000c5560000)
 Metaspace       used 12986K, capacity 13226K, committed 13312K, reserved 1060864K
  class space    used 1411K, capacity 1471K, committed 1536K, reserved 1048576K

Card table byte_map: [0x000001f82d420000,0x000001f82d710000] byte_map_base: 0x000001f82cf0e000

Polling page: 0x000001f81c790000

CodeCache: size=245760Kb used=8135Kb max_used=8135Kb free=237624Kb
 bounds [0x000001f81e060000, 0x000001f81e860000, 0x000001f82d060000]
 total_blobs=2546 nmethods=2183 adapters=276
 compilation: enabled

Compilation events (10 events):
Event: 3.610 Thread 0x000001f82e273800 2180       3       com.sun.org.apache.xerces.internal.utils.XMLSecurityPropertyManager::getValue (10 bytes)
Event: 3.611 Thread 0x000001f82e273800 nmethod 2180 0x000001f81e84add0 code [0x000001f81e84af40, 0x000001f81e84b158]
Event: 3.611 Thread 0x000001f82e273800 2182       3       org.apache.commons.lang3.StringUtils::splitWorker (160 bytes)
Event: 3.614 Thread 0x000001f82e273800 nmethod 2182 0x000001f81e84b250 code [0x000001f81e84b520, 0x000001f81e84cdc0]
Event: 3.614 Thread 0x000001f82e273800 2183       3       org.apache.commons.lang3.ArrayUtils::toPrimitive (45 bytes)
Event: 3.615 Thread 0x000001f82e273800 nmethod 2183 0x000001f81e84db50 code [0x000001f81e84dcc0, 0x000001f81e84e098]
Event: 3.615 Thread 0x000001f82e273800 2181       3       org.apache.commons.lang3.StringUtils::split (7 bytes)
Event: 3.615 Thread 0x000001f82e273800 nmethod 2181 0x000001f81e84e1d0 code [0x000001f81e84e340, 0x000001f81e84e4b0]
Event: 3.629 Thread 0x000001f82e273800 2184       3       com.altera.sopcmodel.util.Version::fromString (376 bytes)
Event: 3.637 Thread 0x000001f82e273800 nmethod 2184 0x000001f81e84e550 code [0x000001f81e84ec40, 0x000001f81e853830]

GC Heap History (10 events):
Event: 1.325 GC heap before
{Heap before GC invocations=1 (full 0):
 def new generation   total 28224K, used 28224K [0x00000000a2400000, 0x00000000a42a0000, 0x00000000c1800000)
  eden space 25088K, 100% used [0x00000000a2400000, 0x00000000a3c80000, 0x00000000a3c80000)
  from space 3136K, 100% used [0x00000000a3f90000, 0x00000000a42a0000, 0x00000000a42a0000)
  to   space 3136K,   0% used [0x00000000a3c80000, 0x00000000a3c80000, 0x00000000a3f90000)
 tenured generation   total 62848K, used 546K [0x00000000c1800000, 0x00000000c5560000, 0x0000000100000000)
   the space 62848K,   0% used [0x00000000c1800000, 0x00000000c1888a88, 0x00000000c1888c00, 0x00000000c5560000)
 Metaspace       used 11169K, capacity 11424K, committed 11648K, reserved 1058816K
  class space    used 1283K, capacity 1320K, committed 1408K, reserved 1048576K
Event: 1.341 GC heap after
Heap after GC invocations=2 (full 0):
 def new generation   total 28224K, used 3136K [0x00000000a2400000, 0x00000000a42a0000, 0x00000000c1800000)
  eden space 25088K,   0% used [0x00000000a2400000, 0x00000000a2400000, 0x00000000a3c80000)
  from space 3136K, 100% used [0x00000000a3c80000, 0x00000000a3f90000, 0x00000000a3f90000)
  to   space 3136K,   0% used [0x00000000a3f90000, 0x00000000a3f90000, 0x00000000a42a0000)
 tenured generation   total 62848K, used 2758K [0x00000000c1800000, 0x00000000c5560000, 0x0000000100000000)
   the space 62848K,   4% used [0x00000000c1800000, 0x00000000c1ab1aa0, 0x00000000c1ab1c00, 0x00000000c5560000)
 Metaspace       used 11169K, capacity 11424K, committed 11648K, reserved 1058816K
  class space    used 1283K, capacity 1320K, committed 1408K, reserved 1048576K
}
Event: 1.711 GC heap before
{Heap before GC invocations=2 (full 0):
 def new generation   total 28224K, used 28224K [0x00000000a2400000, 0x00000000a42a0000, 0x00000000c1800000)
  eden space 25088K, 100% used [0x00000000a2400000, 0x00000000a3c80000, 0x00000000a3c80000)
  from space 3136K, 100% used [0x00000000a3c80000, 0x00000000a3f90000, 0x00000000a3f90000)
  to   space 3136K,   0% used [0x00000000a3f90000, 0x00000000a3f90000, 0x00000000a42a0000)
 tenured generation   total 62848K, used 2758K [0x00000000c1800000, 0x00000000c5560000, 0x0000000100000000)
   the space 62848K,   4% used [0x00000000c1800000, 0x00000000c1ab1aa0, 0x00000000c1ab1c00, 0x00000000c5560000)
 Metaspace       used 11596K, capacity 11876K, committed 12160K, reserved 1060864K
  class space    used 1296K, capacity 1342K, committed 1408K, reserved 1048576K
Event: 1.723 GC heap after
Heap after GC invocations=3 (full 0):
 def new generation   total 28224K, used 1945K [0x00000000a2400000, 0x00000000a42a0000, 0x00000000c1800000)
  eden space 25088K,   0% used [0x00000000a2400000, 0x00000000a2400000, 0x00000000a3c80000)
  from space 3136K,  62% used [0x00000000a3f90000, 0x00000000a41766e0, 0x00000000a42a0000)
  to   space 3136K,   0% used [0x00000000a3c80000, 0x00000000a3c80000, 0x00000000a3f90000)
 tenured generation   total 62848K, used 3853K [0x00000000c1800000, 0x00000000c5560000, 0x0000000100000000)
   the space 62848K,   6% used [0x00000000c1800000, 0x00000000c1bc37d8, 0x00000000c1bc3800, 0x00000000c5560000)
 Metaspace       used 11596K, capacity 11876K, committed 12160K, reserved 1060864K
  class space    used 1296K, capacity 1342K, committed 1408K, reserved 1048576K
}
Event: 2.024 GC heap before
{Heap before GC invocations=3 (full 0):
 def new generation   total 28224K, used 27033K [0x00000000a2400000, 0x00000000a42a0000, 0x00000000c1800000)
  eden space 25088K, 100% used [0x00000000a2400000, 0x00000000a3c80000, 0x00000000a3c80000)
  from space 3136K,  62% used [0x00000000a3f90000, 0x00000000a41766e0, 0x00000000a42a0000)
  to   space 3136K,   0% used [0x00000000a3c80000, 0x00000000a3c80000, 0x00000000a3f90000)
 tenured generation   total 62848K, used 3853K [0x00000000c1800000, 0x00000000c5560000, 0x0000000100000000)
   the space 62848K,   6% used [0x00000000c1800000, 0x00000000c1bc37d8, 0x00000000c1bc3800, 0x00000000c5560000)
 Metaspace       used 11720K, capacity 11940K, committed 12160K, reserved 1060864K
  class space    used 1296K, capacity 1342K, committed 1408K, reserved 1048576K
Event: 2.032 GC heap after
Heap after GC invocations=4 (full 0):
 def new generation   total 28224K, used 1919K [0x00000000a2400000, 0x00000000a42a0000, 0x00000000c1800000)
  eden space 25088K,   0% used [0x00000000a2400000, 0x00000000a2400000, 0x00000000a3c80000)
  from space 3136K,  61% used [0x00000000a3c80000, 0x00000000a3e5fe60, 0x00000000a3f90000)
  to   space 3136K,   0% used [0x00000000a3f90000, 0x00000000a3f90000, 0x00000000a42a0000)
 tenured generation   total 62848K, used 3975K [0x00000000c1800000, 0x00000000c5560000, 0x0000000100000000)
   the space 62848K,   6% used [0x00000000c1800000, 0x00000000c1be1db8, 0x00000000c1be1e00, 0x00000000c5560000)
 Metaspace       used 11720K, capacity 11940K, committed 12160K, reserved 1060864K
  class space    used 1296K, capacity 1342K, committed 1408K, reserved 1048576K
}
Event: 3.110 GC heap before
{Heap before GC invocations=4 (full 0):
 def new generation   total 28224K, used 27007K [0x00000000a2400000, 0x00000000a42a0000, 0x00000000c1800000)
  eden space 25088K, 100% used [0x00000000a2400000, 0x00000000a3c80000, 0x00000000a3c80000)
  from space 3136K,  61% used [0x00000000a3c80000, 0x00000000a3e5fe60, 0x00000000a3f90000)
  to   space 3136K,   0% used [0x00000000a3f90000, 0x00000000a3f90000, 0x00000000a42a0000)
 tenured generation   total 62848K, used 3975K [0x00000000c1800000, 0x00000000c5560000, 0x0000000100000000)
   the space 62848K,   6% used [0x00000000c1800000, 0x00000000c1be1db8, 0x00000000c1be1e00, 0x00000000c5560000)
 Metaspace       used 12843K, capacity 13162K, committed 13312K, reserved 1060864K
  class space    used 1403K, capacity 1471K, committed 1536K, reserved 1048576K
Event: 3.118 GC heap after
Heap after GC invocations=5 (full 0):
 def new generation   total 28224K, used 1761K [0x00000000a2400000, 0x00000000a42a0000, 0x00000000c1800000)
  eden space 25088K,   0% used [0x00000000a2400000, 0x00000000a2400000, 0x00000000a3c80000)
  from space 3136K,  56% used [0x00000000a3f90000, 0x00000000a4148698, 0x00000000a42a0000)
  to   space 3136K,   0% used [0x00000000a3c80000, 0x00000000a3c80000, 0x00000000a3f90000)
 tenured generation   total 62848K, used 4055K [0x00000000c1800000, 0x00000000c5560000, 0x0000000100000000)
   the space 62848K,   6% used [0x00000000c1800000, 0x00000000c1bf5c30, 0x00000000c1bf5e00, 0x00000000c5560000)
 Metaspace       used 12843K, capacity 13162K, committed 13312K, reserved 1060864K
  class space    used 1403K, capacity 1471K, committed 1536K, reserved 1048576K
}
Event: 3.411 GC heap before
{Heap before GC invocations=5 (full 0):
 def new generation   total 28224K, used 26849K [0x00000000a2400000, 0x00000000a42a0000, 0x00000000c1800000)
  eden space 25088K, 100% used [0x00000000a2400000, 0x00000000a3c80000, 0x00000000a3c80000)
  from space 3136K,  56% used [0x00000000a3f90000, 0x00000000a4148698, 0x00000000a42a0000)
  to   space 3136K,   0% used [0x00000000a3c80000, 0x00000000a3c80000, 0x00000000a3f90000)
 tenured generation   total 62848K, used 4055K [0x00000000c1800000, 0x00000000c5560000, 0x0000000100000000)
   the space 62848K,   6% used [0x00000000c1800000, 0x00000000c1bf5c30, 0x00000000c1bf5e00, 0x00000000c5560000)
 Metaspace       used 12971K, capacity 13226K, committed 13312K, reserved 1060864K
  class space    used 1410K, capacity 1471K, committed 1536K, reserved 1048576K
Event: 3.419 GC heap after
Heap after GC invocations=6 (full 0):
 def new generation   total 28224K, used 2089K [0x00000000a2400000, 0x00000000a42a0000, 0x00000000c1800000)
  eden space 25088K,   0% used [0x00000000a2400000, 0x00000000a2400000, 0x00000000a3c80000)
  from space 3136K,  66% used [0x00000000a3c80000, 0x00000000a3e8a590, 0x00000000a3f90000)
  to   space 3136K,   0% used [0x00000000a3f90000, 0x00000000a3f90000, 0x00000000a42a0000)
 tenured generation   total 62848K, used 4388K [0x00000000c1800000, 0x00000000c5560000, 0x0000000100000000)
   the space 62848K,   6% used [0x00000000c1800000, 0x00000000c1c49118, 0x00000000c1c49200, 0x00000000c5560000)
 Metaspace       used 12971K, capacity 13226K, committed 13312K, reserved 1060864K
  class space    used 1410K, capacity 1471K, committed 1536K, reserved 1048576K
}

Deoptimization events (10 events):
Event: 3.057 Thread 0x000001f81c7fe000 Uncommon trap: reason=class_check action=maybe_recompile pc=0x000001f81e3c7258 method=java.util.HashMap.putVal(ILjava/lang/Object;Ljava/lang/Object;ZZ)Ljava/lang/Object; @ 203
Event: 3.057 Thread 0x000001f81c7fe000 Uncommon trap: reason=class_check action=maybe_recompile pc=0x000001f81e3c7258 method=java.util.HashMap.putVal(ILjava/lang/Object;Ljava/lang/Object;ZZ)Ljava/lang/Object; @ 203
Event: 3.057 Thread 0x000001f81c7fe000 Uncommon trap: reason=class_check action=maybe_recompile pc=0x000001f81e3c7258 method=java.util.HashMap.putVal(ILjava/lang/Object;Ljava/lang/Object;ZZ)Ljava/lang/Object; @ 203
Event: 3.057 Thread 0x000001f81c7fe000 Uncommon trap: reason=class_check action=maybe_recompile pc=0x000001f81e3c7258 method=java.util.HashMap.putVal(ILjava/lang/Object;Ljava/lang/Object;ZZ)Ljava/lang/Object; @ 203
Event: 3.057 Thread 0x000001f81c7fe000 Uncommon trap: reason=class_check action=maybe_recompile pc=0x000001f81e3bdae8 method=java.util.HashMap.putVal(ILjava/lang/Object;Ljava/lang/Object;ZZ)Ljava/lang/Object; @ 203
Event: 3.065 Thread 0x000001f81c7fe000 Uncommon trap: reason=unstable_if action=reinterpret pc=0x000001f81e2e3590 method=java.util.regex.Pattern.expr(Ljava/util/regex/Pattern$Node;)Ljava/util/regex/Pattern$Node; @ 129
Event: 3.288 Thread 0x000001f81c7fe000 Uncommon trap: reason=class_check action=maybe_recompile pc=0x000001f81e515f10 method=java.io.FilterInputStream.read([BII)I @ 7
Event: 3.289 Thread 0x000001f81c7fe000 Uncommon trap: reason=class_check action=maybe_recompile pc=0x000001f81e515f10 method=java.io.FilterInputStream.read([BII)I @ 7
Event: 3.289 Thread 0x000001f81c7fe000 Uncommon trap: reason=class_check action=maybe_recompile pc=0x000001f81e515f10 method=java.io.FilterInputStream.read([BII)I @ 7
Event: 3.290 Thread 0x000001f81c7fe000 Uncommon trap: reason=class_check action=maybe_recompile pc=0x000001f81e515f10 method=java.io.FilterInputStream.read([BII)I @ 7

Classes redefined (0 events):
No events

Internal exceptions (10 events):
Event: 3.431 Thread 0x000001f81c7fe000 Exception <a 'java/lang/ClassNotFoundException': com/sun/org/glassfish/hk2/osgiresourcelocator/ServiceLoader> (0x00000000a2526bf8) thrown at [J:\jenkins\tmp\workspace\build\src\hotspot\src\share\vm\classfile\systemDictionary.cpp, line 215]
Event: 3.457 Thread 0x000001f81c7fe000 Exception <a 'java/lang/ClassNotFoundException': com/sun/org/glassfish/hk2/osgiresourcelocator/ServiceLoader> (0x00000000a26a70b8) thrown at [J:\jenkins\tmp\workspace\build\src\hotspot\src\share\vm\classfile\systemDictionary.cpp, line 215]
Event: 3.485 Thread 0x000001f81c7fe000 Exception <a 'java/lang/ClassNotFoundException': com/sun/org/glassfish/hk2/osgiresourcelocator/ServiceLoader> (0x00000000a2831a00) thrown at [J:\jenkins\tmp\workspace\build\src\hotspot\src\share\vm\classfile\systemDictionary.cpp, line 215]
Event: 3.515 Thread 0x000001f81c7fe000 Exception <a 'java/lang/ClassNotFoundException': com/sun/org/glassfish/hk2/osgiresourcelocator/ServiceLoader> (0x00000000a29b09b8) thrown at [J:\jenkins\tmp\workspace\build\src\hotspot\src\share\vm\classfile\systemDictionary.cpp, line 215]
Event: 3.536 Thread 0x000001f81c7fe000 Exception <a 'java/lang/ClassNotFoundException': com/sun/org/glassfish/hk2/osgiresourcelocator/ServiceLoader> (0x00000000a2b2f950) thrown at [J:\jenkins\tmp\workspace\build\src\hotspot\src\share\vm\classfile\systemDictionary.cpp, line 215]
Event: 3.553 Thread 0x000001f81c7fe000 Exception <a 'java/lang/ClassNotFoundException': com/sun/org/glassfish/hk2/osgiresourcelocator/ServiceLoader> (0x00000000a2cae848) thrown at [J:\jenkins\tmp\workspace\build\src\hotspot\src\share\vm\classfile\systemDictionary.cpp, line 215]
Event: 3.573 Thread 0x000001f81c7fe000 Exception <a 'java/lang/ClassNotFoundException': com/sun/org/glassfish/hk2/osgiresourcelocator/ServiceLoader> (0x00000000a2e2d898) thrown at [J:\jenkins\tmp\workspace\build\src\hotspot\src\share\vm\classfile\systemDictionary.cpp, line 215]
Event: 3.596 Thread 0x000001f81c7fe000 Exception <a 'java/lang/ClassNotFoundException': com/sun/org/glassfish/hk2/osgiresourcelocator/ServiceLoader> (0x00000000a2fac9a8) thrown at [J:\jenkins\tmp\workspace\build\src\hotspot\src\share\vm\classfile\systemDictionary.cpp, line 215]
Event: 3.613 Thread 0x000001f81c7fe000 Exception <a 'java/lang/ClassNotFoundException': com/sun/org/glassfish/hk2/osgiresourcelocator/ServiceLoader> (0x00000000a312cac8) thrown at [J:\jenkins\tmp\workspace\build\src\hotspot\src\share\vm\classfile\systemDictionary.cpp, line 215]
Event: 3.631 Thread 0x000001f81c7fe000 Exception <a 'java/lang/ClassNotFoundException': com/sun/org/glassfish/hk2/osgiresourcelocator/ServiceLoader> (0x00000000a32ab9a8) thrown at [J:\jenkins\tmp\workspace\build\src\hotspot\src\share\vm\classfile\systemDictionary.cpp, line 215]

Events (10 events):
Event: 3.618 loading class java/lang/ObjectFactory
Event: 3.618 loading class java/lang/ObjectFactory done
Event: 3.631 loading class com/sun/org/glassfish/hk2/osgiresourcelocator/ServiceLoader
Event: 3.631 loading class com/sun/org/glassfish/hk2/osgiresourcelocator/ServiceLoader done
Event: 3.633 loading class java/lang/ObjectFactory
Event: 3.633 loading class java/lang/ObjectFactory done
Event: 3.634 loading class java/lang/ObjectFactory
Event: 3.634 loading class java/lang/ObjectFactory done
Event: 3.636 loading class java/lang/ObjectFactory
Event: 3.636 loading class java/lang/ObjectFactory done


Dynamic libraries:
0x00007ff61e680000 - 0x00007ff61e6ba000 	C:\intelfpga_lite\20.1\quartus\bin64\jre64\bin\java.exe
0x00007ffba5b10000 - 0x00007ffba5d05000 	C:\Windows\SYSTEM32\ntdll.dll
0x00007ffb7bb60000 - 0x00007ffb7bb75000 	C:\Program Files\Avast Software\Avast\aswhook.dll
0x00007ffba5140000 - 0x00007ffba51fd000 	C:\Windows\System32\KERNEL32.DLL
0x00007ffba37c0000 - 0x00007ffba3a88000 	C:\Windows\System32\KERNELBASE.dll
0x00007ffba4a60000 - 0x00007ffba4b0c000 	C:\Windows\System32\ADVAPI32.dll
0x00007ffba4820000 - 0x00007ffba48be000 	C:\Windows\System32\msvcrt.dll
0x00007ffba58f0000 - 0x00007ffba598b000 	C:\Windows\System32\sechost.dll
0x00007ffba4b20000 - 0x00007ffba4c4b000 	C:\Windows\System32\RPCRT4.dll
0x00007ffba4d90000 - 0x00007ffba4f30000 	C:\Windows\System32\USER32.dll
0x00007ffba3410000 - 0x00007ffba3432000 	C:\Windows\System32\win32u.dll
0x00007ffba3c50000 - 0x00007ffba3c7a000 	C:\Windows\System32\GDI32.dll
0x00007ffba3300000 - 0x00007ffba340b000 	C:\Windows\System32\gdi32full.dll
0x00007ffba3440000 - 0x00007ffba34dd000 	C:\Windows\System32\msvcp_win.dll
0x00007ffba34e0000 - 0x00007ffba35e0000 	C:\Windows\System32\ucrtbase.dll
0x00007ffb897c0000 - 0x00007ffb89a5a000 	C:\Windows\WinSxS\amd64_microsoft.windows.common-controls_6595b64144ccf1df_6.0.19041.844_none_ca00b6081b84eb1d\COMCTL32.dll
0x00007ffba3b70000 - 0x00007ffba3ba0000 	C:\Windows\System32\IMM32.DLL
0x00007ffb2d940000 - 0x00007ffb2da2f000 	C:\intelfpga_lite\20.1\quartus\bin64\jre64\bin\msvcr120.dll
0x00007ffb2d890000 - 0x00007ffb2d936000 	C:\intelfpga_lite\20.1\quartus\bin64\jre64\bin\msvcp120.dll
0x0000000075f50000 - 0x00000000767b6000 	C:\intelfpga_lite\20.1\quartus\bin64\jre64\bin\server\jvm.dll
0x00007ffba3c80000 - 0x00007ffba3c88000 	C:\Windows\System32\PSAPI.DLL
0x00007ffb9a650000 - 0x00007ffb9a677000 	C:\Windows\SYSTEM32\WINMM.dll
0x00007ffb91ab0000 - 0x00007ffb91ab9000 	C:\Windows\SYSTEM32\WSOCK32.dll
0x00007ffba4d20000 - 0x00007ffba4d8b000 	C:\Windows\System32\WS2_32.dll
0x00007ffb9d180000 - 0x00007ffb9d18a000 	C:\Windows\SYSTEM32\VERSION.dll
0x00007ffb9a200000 - 0x00007ffb9a20f000 	C:\intelfpga_lite\20.1\quartus\bin64\jre64\bin\verify.dll
0x00007ffb8c030000 - 0x00007ffb8c058000 	C:\intelfpga_lite\20.1\quartus\bin64\jre64\bin\java.dll
0x00007ffb8a370000 - 0x00007ffb8a386000 	C:\intelfpga_lite\20.1\quartus\bin64\jre64\bin\zip.dll
0x00007ffba3c90000 - 0x00007ffba43d2000 	C:\Windows\System32\SHELL32.dll
0x00007ffba13a0000 - 0x00007ffba1b30000 	C:\Windows\SYSTEM32\windows.storage.dll
0x00007ffba43e0000 - 0x00007ffba4735000 	C:\Windows\System32\combase.dll
0x00007ffba2bf0000 - 0x00007ffba2c1c000 	C:\Windows\SYSTEM32\Wldp.dll
0x00007ffba3ba0000 - 0x00007ffba3c4e000 	C:\Windows\System32\SHCORE.dll
0x00007ffba4a00000 - 0x00007ffba4a55000 	C:\Windows\System32\shlwapi.dll
0x00007ffba3190000 - 0x00007ffba31af000 	C:\Windows\SYSTEM32\profapi.dll
0x00007ffba2b30000 - 0x00007ffba2b48000 	C:\Windows\SYSTEM32\CRYPTSP.dll
0x00007ffba2300000 - 0x00007ffba2334000 	C:\Windows\system32\rsaenh.dll
0x00007ffba3b40000 - 0x00007ffba3b67000 	C:\Windows\System32\bcrypt.dll
0x00007ffba3150000 - 0x00007ffba317e000 	C:\Windows\SYSTEM32\USERENV.dll
0x00007ffba3740000 - 0x00007ffba37c0000 	C:\Windows\System32\bcryptprimitives.dll
0x00007ffba2b50000 - 0x00007ffba2b5c000 	C:\Windows\SYSTEM32\CRYPTBASE.dll
0x00007ffb892f0000 - 0x00007ffb8930a000 	C:\intelFPGA_lite\20.1\quartus\bin64\jre64\bin\net.dll
0x00007ffba2960000 - 0x00007ffba29ca000 	C:\Windows\system32\mswsock.dll
0x00007ffba2650000 - 0x00007ffba268b000 	C:\Windows\SYSTEM32\IPHLPAPI.DLL
0x00007ffba5340000 - 0x00007ffba5348000 	C:\Windows\System32\NSI.dll
0x00007ffb985b0000 - 0x00007ffb985c7000 	C:\Windows\SYSTEM32\dhcpcsvc6.DLL
0x00007ffb9a4b0000 - 0x00007ffb9a4cd000 	C:\Windows\SYSTEM32\dhcpcsvc.DLL
0x00007ffba2690000 - 0x00007ffba275c000 	C:\Windows\SYSTEM32\DNSAPI.dll
0x00007ffb87dd0000 - 0x00007ffb87de2000 	C:\intelFPGA_lite\20.1\quartus\bin64\jre64\bin\nio.dll
0x00007ffb8d5f0000 - 0x00007ffb8d5f6000 	C:\intelFPGA_lite\20.1\quartus\bin64\sld_utiljni.dll
0x0000000050db0000 - 0x0000000050f37000 	C:\intelFPGA_lite\20.1\quartus\bin64\tcl86.dll
0x00007ffb92000000 - 0x00007ffb92018000 	C:\Windows\SYSTEM32\NETAPI32.dll
0x00007ffba2760000 - 0x00007ffba276c000 	C:\Windows\SYSTEM32\NETUTILS.DLL
0x00007ffb90de0000 - 0x00007ffb90df9000 	C:\Windows\SYSTEM32\SAMCLI.DLL
0x00007ffba2770000 - 0x00007ffba27b2000 	C:\Windows\SYSTEM32\LOGONCLI.DLL
0x00007ffb8b040000 - 0x00007ffb8b140000 	C:\intelFPGA_lite\20.1\quartus\bin64\ccl_sqlite3.dll
0x00007ffb8d570000 - 0x00007ffb8d580000 	C:\intelFPGA_lite\20.1\quartus\bin64\ccl_sqlite3_jdbc_jni_bridge.dll

VM Arguments:
jvm_args: -Xmx1500M -XX:+UseSerialGC 
java_command: com.altera.sopcmodel.sbtools.sbcatalog.SbCatalog --xml --project-directory= --search-path=C:/Users/Manu/Documents/UFPE/Eletrônica Digital/Projeto1/,C:\Users\Manu\Documents\UFPE\Eletrônica Digital\Projeto1
java_class_path (initial): C:/intelfpga_lite/20.1/quartus/sopc_builder/model/lib\Nlview.jar;C:/intelfpga_lite/20.1/quartus/sopc_builder/model/lib\TableLayout.jar;C:/intelfpga_lite/20.1/quartus/sopc_builder/model/lib\appframework-1.03.jar;C:/intelfpga_lite/20.1/quartus/sopc_builder/model/lib\asm-3.1.jar;C:/intelfpga_lite/20.1/quartus/sopc_builder/model/lib\asm-commons-3.1.jar;C:/intelfpga_lite/20.1/quartus/sopc_builder/model/lib\basicmodel.jar;C:/intelfpga_lite/20.1/quartus/sopc_builder/model/lib\beansbinding-1.2.1.jar;C:/intelfpga_lite/20.1/quartus/sopc_builder/model/lib\binding-2.0.6.jar;C:/intelfpga_lite/20.1/quartus/sopc_builder/model/lib\com.altera.componenteditor2.jar;C:/intelfpga_lite/20.1/quartus/sopc_builder/model/lib\com.altera.embeddedsw.app_lib.jar;C:/intelfpga_lite/20.1/quartus/sopc_builder/model/lib\com.altera.embeddedsw.bsp.editor.jar;C:/intelfpga_lite/20.1/quartus/sopc_builder/model/lib\com.altera.embeddedsw.bsp.elements.jar;C:/intelfpga_lite/20.1/quartus/sopc_builder/model/lib\com.altera.embeddedsw.bsp.jar;C:/intelfpga_lite/20.1/quartus/sopc_builder/model/lib\com.altera.embeddedsw.bsp.plugin.core.jar;C:/intelfpga_lite/20.1/quartus/sopc_builder/model/lib\com.altera.embeddedsw.bsp.plugin.hal.jar;C:/intelfpga_lite/20.1/quartus/sopc_builder/model/lib\com.altera.embeddedsw.bsp.plugin.lwhal.jar;C:/intelfpga_lite/20.1/quartus/sopc_builder/model/lib\com.altera.embeddedsw.bsp.schema.jar;C:/intelfpga_lite/20.1/quartus/sopc_builder/model/lib\com.altera.embeddedsw.bsp.scripting.jar;C:/intelfpga_lite/20.1/quartus/sopc_builder/model/lib\com.altera.embeddedsw.commandline.jar;C:/intelfpga_lite/20.1/quartus/sopc_builder/model/lib\com.altera.embeddedsw.cpexample.jar;C:/intelfpga_lite/20.1/quartus/sopc_builder/model/lib\com.altera.embeddedsw.flash.jar;C:/intelfpga_lite/20.1/quartus/sopc_builder/model/lib\com.altera.embeddedsw.launch.jar;C:/intelfpga_lite/20.1/quartus/sopc_builder/model/lib\com.altera.embeddedsw.swinfo.jar;C:/intelfpga_lite/20.1/quartus/sopc_builder/m
Launcher Type: SUN_STANDARD

Environment Variables:
PATH=C:/intelfpga_lite/20.1/quartus/bin64;c:\intelfpga_lite\20.1\quartus\bin64\;c:\intelfpga_lite\20.1\quartus\bin64\;C:\Windows\system32;C:\Windows;C:\Windows\System32\Wbem;C:\Windows\System32\WindowsPowerShell\v1.0\;C:\Windows\System32\OpenSSH\;C:\Users\Manu\AppData\Local\Microsoft\WindowsApps;;C:\Users\Manu\AppData\Local\Programs\Microsoft VS Code\bin
USERNAME=Manu
OS=Windows_NT
PROCESSOR_IDENTIFIER=AMD64 Family 23 Model 24 Stepping 1, AuthenticAMD



---------------  S Y S T E M  ---------------

OS: Windows 10.0 , 64 bit Build 19041 (10.0.19041.928)

CPU:total 8 (initial active 8) (8 cores per cpu, 1 threads per core) family 23 model 24 stepping 1, cmov, cx8, fxsr, mmx, sse, sse2, sse3, ssse3, sse4.1, sse4.2, popcnt, avx, avx2, aes, clmul, mmxext, 3dnowpref, lzcnt, sse4a, tsc, tscinvbit, tscinv, bmi1

Memory: 4k page, physical 5985536k(1766948k free), swap 5985536k(5128k free)

vm_info: OpenJDK 64-Bit Server VM (25.265-b01) for windows-amd64 JRE (1.8.0_265-b01), built on Jul 28 2020 15:11:27 by "jenkins" with MS VC++ 12.0 (VS2013)

time: Sat Oct 16 01:10:37 2021
timezone: Hora oficial do Brasil
elapsed time: 3 seconds (0d 0h 0m 3s)

