#
# There is insufficient memory for the Java Runtime Environment to continue.
# Native memory allocation (malloc) failed to allocate 643056 bytes for Chunk::new
# Possible reasons:
#   The system is out of physical RAM or swap space
#   The process is running with CompressedOops enabled, and the Java Heap may be blocking the growth of the native heap
# Possible solutions:
#   Reduce memory load on the system
#   Increase physical memory or swap space
#   Check if swap backing store is full
#   Decrease Java heap size (-Xmx/-Xms)
#   Decrease number of Java threads
#   Decrease Java thread stack sizes (-Xss)
#   Set larger code cache with -XX:ReservedCodeCacheSize=
#   JVM is running with Unscaled Compressed Oops mode in which the Java heap is
#     placed in the first 4GB address space. The Java Heap base address is the
#     maximum limit for the native heap growth. Please use -XX:HeapBaseMinAddress
#     to set the Java Heap base and to place the Java Heap above 4GB virtual address.
# This output file may be truncated or incomplete.
#
#  Out of Memory Error (allocation.cpp:389), pid=5320, tid=0x00000000000009f0
#
# JRE version: OpenJDK Runtime Environment (8.0_265-b01) (build 1.8.0_265-b01)
# Java VM: OpenJDK 64-Bit Server VM (25.265-b01 mixed mode windows-amd64 compressed oops)
# Failed to write core dump. Minidumps are not enabled by default on client versions of Windows
#

---------------  T H R E A D  ---------------

Current thread (0x00000209f33ec800):  JavaThread "C2 CompilerThread2" daemon [_thread_in_native, id=2544, stack(0x000000fe8c900000,0x000000fe8ca00000)]

Stack: [0x000000fe8c900000,0x000000fe8ca00000]
[error occurred during error reporting (printing stack bounds), id 0xc0000005]

Native frames: (J=compiled Java code, j=interpreted, Vv=VM code, C=native code)


Current CompileTask:
C2:   1801 1081   !   4       com.sun.org.apache.xerces.internal.impl.XMLDocumentFragmentScannerImpl$FragmentContentDriver::next (2346 bytes)


---------------  P R O C E S S  ---------------

Java Threads: ( => current thread )
  0x00000209f3489000 JavaThread "Service Thread" daemon [_thread_blocked, id=7432, stack(0x000000fe8cb00000,0x000000fe8cc00000)]
  0x00000209f33f1000 JavaThread "C1 CompilerThread3" daemon [_thread_blocked, id=9188, stack(0x000000fe8ca00000,0x000000fe8cb00000)]
=>0x00000209f33ec800 JavaThread "C2 CompilerThread2" daemon [_thread_in_native, id=2544, stack(0x000000fe8c900000,0x000000fe8ca00000)]
  0x00000209f33ea800 JavaThread "C2 CompilerThread1" daemon [_thread_in_native, id=4044, stack(0x000000fe8c800000,0x000000fe8c900000)]
  0x00000209f33e7800 JavaThread "C2 CompilerThread0" daemon [_thread_in_native, id=2856, stack(0x000000fe8c700000,0x000000fe8c800000)]
  0x00000209f33d9000 JavaThread "Attach Listener" daemon [_thread_blocked, id=1424, stack(0x000000fe8c600000,0x000000fe8c700000)]
  0x00000209f33d7800 JavaThread "Signal Dispatcher" daemon [_thread_blocked, id=2832, stack(0x000000fe8c500000,0x000000fe8c600000)]
  0x00000209f33ba000 JavaThread "Finalizer" daemon [_thread_blocked, id=6932, stack(0x000000fe8c400000,0x000000fe8c500000)]
  0x00000209f338e000 JavaThread "Reference Handler" daemon [_thread_blocked, id=8636, stack(0x000000fe8c300000,0x000000fe8c400000)]
  0x00000209f08dc800 JavaThread "main" [_thread_blocked, id=7588, stack(0x000000fe8c100000,0x000000fe8c200000)]

Other Threads:
  0x00000209f3387000 VMThread [stack: 0x000000fe8c200000,0x000000fe8c300000] [id=8040]
  0x00000209f3453800 WatcherThread [stack: 0x000000fe8cc00000,0x000000fe8cd00000] [id=6940]

VM state:at safepoint (normal execution)

VM Mutex/Monitor currently owned by a thread:  ([mutex/lock_event])
[0x00000209f08da2e0] Threads_lock - owner thread: 0x00000209f3387000
[0x00000209f08dbaf0] Heap_lock - owner thread: 0x00000209f08dc800

heap address: 0x00000000a2400000, size: 1500 MB, Compressed Oops mode: 32-bit
Narrow klass base: 0x0000000000000000, Narrow klass shift: 3
Compressed class space size: 1073741824 Address: 0x0000000100000000

Heap:
 def new generation   total 28224K, used 28223K [0x00000000a2400000, 0x00000000a42a0000, 0x00000000c1800000)
  eden space 25088K, 100% used [0x00000000a2400000, 0x00000000a3c80000, 0x00000000a3c80000)
  from space 3136K,  99% used [0x00000000a3c80000, 0x00000000a3f8fff8, 0x00000000a3f90000)
  to   space 3136K,   0% used [0x00000000a3f90000, 0x00000000a3f90ad0, 0x00000000a42a0000)
 tenured generation   total 62848K, used 8784K [0x00000000c1800000, 0x00000000c5560000, 0x0000000100000000)
   the space 62848K,  13% used [0x00000000c1800000, 0x00000000c20942b0, 0x00000000c2094400, 0x00000000c5560000)
 Metaspace       used 8855K, capacity 9000K, committed 9216K, reserved 1056768K
  class space    used 902K, capacity 916K, committed 1024K, reserved 1048576K

Card table byte_map: [0x00000209f25a0000,0x00000209f2890000] byte_map_base: 0x00000209f208e000

Polling page: 0x00000209f09e0000

CodeCache: size=245760Kb used=4401Kb max_used=4401Kb free=241358Kb
 bounds [0x0000020980000000, 0x0000020980450000, 0x000002098f000000]
 total_blobs=1433 nmethods=1105 adapters=241
 compilation: enabled

Compilation events (10 events):
Event: 1.638 Thread 0x00000209f33f1000 1117       3       com.altera.sopclibrary.conan.Catalog::pruneIdenticalCardsInMultipleFiles (23 bytes)
Event: 1.638 Thread 0x00000209f33f1000 nmethod 1117 0x000002098044ac10 code [0x000002098044ada0, 0x000002098044b230]
Event: 1.639 Thread 0x00000209f33f1000 1118       3       java.util.ArrayList::contains (14 bytes)
Event: 1.640 Thread 0x00000209f33f1000 nmethod 1118 0x000002098044b450 code [0x000002098044b5c0, 0x000002098044b7b0]
Event: 1.650 Thread 0x00000209f33f1000 1119       3       java.util.HashMap::clear (50 bytes)
Event: 1.651 Thread 0x00000209f33f1000 nmethod 1119 0x000002098044b850 code [0x000002098044b9c0, 0x000002098044bd98]
Event: 1.651 Thread 0x00000209f33f1000 1120       3       java.util.HashMap$ValueIterator::next (8 bytes)
Event: 1.651 Thread 0x00000209f33f1000 nmethod 1120 0x000002098044bed0 code [0x000002098044c040, 0x000002098044c250]
Event: 1.651 Thread 0x00000209f33f1000 1121       3       java.util.HashSet::clear (8 bytes)
Event: 1.651 Thread 0x00000209f33f1000 nmethod 1121 0x000002098044c310 code [0x000002098044c480, 0x000002098044c6b0]

GC Heap History (4 events):
Event: 0.785 GC heap before
{Heap before GC invocations=0 (full 0):
 def new generation   total 28224K, used 25088K [0x00000000a2400000, 0x00000000a42a0000, 0x00000000c1800000)
  eden space 25088K, 100% used [0x00000000a2400000, 0x00000000a3c80000, 0x00000000a3c80000)
  from space 3136K,   0% used [0x00000000a3c80000, 0x00000000a3c80000, 0x00000000a3f90000)
  to   space 3136K,   0% used [0x00000000a3f90000, 0x00000000a3f90000, 0x00000000a42a0000)
 tenured generation   total 62848K, used 0K [0x00000000c1800000, 0x00000000c5560000, 0x0000000100000000)
   the space 62848K,   0% used [0x00000000c1800000, 0x00000000c1800000, 0x00000000c1800200, 0x00000000c5560000)
 Metaspace       used 6687K, capacity 6888K, committed 7168K, reserved 1056768K
  class space    used 691K, capacity 724K, committed 768K, reserved 1048576K
Event: 0.796 GC heap after
Heap after GC invocations=1 (full 0):
 def new generation   total 28224K, used 3135K [0x00000000a2400000, 0x00000000a42a0000, 0x00000000c1800000)
  eden space 25088K,   0% used [0x00000000a2400000, 0x00000000a2400000, 0x00000000a3c80000)
  from space 3136K,  99% used [0x00000000a3f90000, 0x00000000a429fff0, 0x00000000a42a0000)
  to   space 3136K,   0% used [0x00000000a3c80000, 0x00000000a3c80000, 0x00000000a3f90000)
 tenured generation   total 62848K, used 539K [0x00000000c1800000, 0x00000000c5560000, 0x0000000100000000)
   the space 62848K,   0% used [0x00000000c1800000, 0x00000000c1886f08, 0x00000000c1887000, 0x00000000c5560000)
 Metaspace       used 6687K, capacity 6888K, committed 7168K, reserved 1056768K
  class space    used 691K, capacity 724K, committed 768K, reserved 1048576K
}
Event: 1.358 GC heap before
{Heap before GC invocations=1 (full 0):
 def new generation   total 28224K, used 28223K [0x00000000a2400000, 0x00000000a42a0000, 0x00000000c1800000)
  eden space 25088K, 100% used [0x00000000a2400000, 0x00000000a3c80000, 0x00000000a3c80000)
  from space 3136K,  99% used [0x00000000a3f90000, 0x00000000a429fff0, 0x00000000a42a0000)
  to   space 3136K,   0% used [0x00000000a3c80000, 0x00000000a3c80000, 0x00000000a3f90000)
 tenured generation   total 62848K, used 539K [0x00000000c1800000, 0x00000000c5560000, 0x0000000100000000)
   the space 62848K,   0% used [0x00000000c1800000, 0x00000000c1886f08, 0x00000000c1887000, 0x00000000c5560000)
 Metaspace       used 8790K, capacity 8936K, committed 9216K, reserved 1056768K
  class space    used 895K, capacity 916K, committed 1024K, reserved 1048576K
Event: 1.428 GC heap after
Heap after GC invocations=2 (full 0):
 def new generation   total 28224K, used 3135K [0x00000000a2400000, 0x00000000a42a0000, 0x00000000c1800000)
  eden space 25088K,   0% used [0x00000000a2400000, 0x00000000a2400000, 0x00000000a3c80000)
  from space 3136K,  99% used [0x00000000a3c80000, 0x00000000a3f8fff8, 0x00000000a3f90000)
  to   space 3136K,   0% used [0x00000000a3f90000, 0x00000000a3f90000, 0x00000000a42a0000)
 tenured generation   total 62848K, used 8652K [0x00000000c1800000, 0x00000000c5560000, 0x0000000100000000)
   the space 62848K,  13% used [0x00000000c1800000, 0x00000000c20730c8, 0x00000000c2073200, 0x00000000c5560000)
 Metaspace       used 8790K, capacity 8936K, committed 9216K, reserved 1056768K
  class space    used 895K, capacity 916K, committed 1024K, reserved 1048576K
}

Deoptimization events (10 events):
Event: 1.074 Thread 0x00000209f08dc800 Uncommon trap: reason=unstable_if action=reinterpret pc=0x000002098034d644 method=com.sun.org.apache.xerces.internal.util.SymbolTable.addSymbol([CII)Ljava/lang/String; @ 38
Event: 1.101 Thread 0x00000209f08dc800 Uncommon trap: reason=unstable_if action=reinterpret pc=0x00000209803697d8 method=com.sun.org.apache.xerces.internal.impl.XMLEntityScanner.scanContent(Lcom/sun/org/apache/xerces/internal/xni/XMLString;)I @ 418
Event: 1.125 Thread 0x00000209f08dc800 Uncommon trap: reason=unstable_if action=reinterpret pc=0x000002098031ba5c method=com.sun.org.apache.xerces.internal.util.AugmentationsImpl$SmallContainer.clear()V @ 9
Event: 1.498 Thread 0x00000209f08dc800 Uncommon trap: reason=unstable_if action=reinterpret pc=0x0000020980403fec method=com.altera.sopclibrary.conan.Catalog.getCardOverride(Lcom/altera/librarianinterfaces/ICatalogCard;)Lcom/altera/librarianinterfaces/ICatalogCard; @ 182
Event: 1.556 Thread 0x00000209f08dc800 Uncommon trap: reason=unstable_if action=reinterpret pc=0x00000209803ec67c method=java.util.regex.Pattern$Ctype.isSatisfiedBy(I)Z @ 15
Event: 1.566 Thread 0x00000209f08dc800 Uncommon trap: reason=unstable_if action=reinterpret pc=0x00000209803f44e8 method=com.altera.utilities.AltFile.goodSlash(Ljava/lang/String;)Ljava/lang/String; @ 119
Event: 1.567 Thread 0x00000209f08dc800 Uncommon trap: reason=unstable_if action=reinterpret pc=0x00000209802fbbcc method=java.util.regex.Pattern$Slice.match(Ljava/util/regex/Matcher;ILjava/lang/CharSequence;)Z @ 18
Event: 1.568 Thread 0x00000209f08dc800 Uncommon trap: reason=predicate action=maybe_recompile pc=0x00000209803d3278 method=java.util.ArrayList.indexOf(Ljava/lang/Object;)I @ 44
Event: 1.575 Thread 0x00000209f08dc800 Uncommon trap: reason=unstable_if action=reinterpret pc=0x0000020980353db0 method=com.sun.org.apache.xerces.internal.util.XMLAttributesImpl.addAttributeNS(Lcom/sun/org/apache/xerces/internal/xni/QName;Ljava/lang/String;Ljava/lang/String;)V @ 22
Event: 1.638 Thread 0x00000209f08dc800 Uncommon trap: reason=unstable_if action=reinterpret pc=0x00000209803d1514 method=java.util.ArrayList.indexOf(Ljava/lang/Object;)I @ 41

Classes redefined (0 events):
No events

Internal exceptions (10 events):
Event: 1.589 Thread 0x00000209f08dc800 Exception <a 'java/lang/ClassNotFoundException': > (0x00000000a35314b0) thrown at [J:\jenkins\tmp\workspace\build\src\hotspot\src\share\vm\prims\jni.cpp, line 738]
Event: 1.590 Thread 0x00000209f08dc800 Exception <a 'java/lang/ClassNotFoundException': > (0x00000000a35339d8) thrown at [J:\jenkins\tmp\workspace\build\src\hotspot\src\share\vm\prims\jni.cpp, line 738]
Event: 1.591 Thread 0x00000209f08dc800 Exception <a 'java/lang/ClassNotFoundException': > (0x00000000a353d950) thrown at [J:\jenkins\tmp\workspace\build\src\hotspot\src\share\vm\prims\jni.cpp, line 738]
Event: 1.593 Thread 0x00000209f08dc800 Exception <a 'java/lang/ClassNotFoundException': > (0x00000000a354cfb0) thrown at [J:\jenkins\tmp\workspace\build\src\hotspot\src\share\vm\prims\jni.cpp, line 738]
Event: 1.594 Thread 0x00000209f08dc800 Exception <a 'java/lang/ClassNotFoundException': > (0x00000000a356b070) thrown at [J:\jenkins\tmp\workspace\build\src\hotspot\src\share\vm\prims\jni.cpp, line 738]
Event: 1.595 Thread 0x00000209f08dc800 Exception <a 'java/lang/ClassNotFoundException': > (0x00000000a3578fe0) thrown at [J:\jenkins\tmp\workspace\build\src\hotspot\src\share\vm\prims\jni.cpp, line 738]
Event: 1.596 Thread 0x00000209f08dc800 Exception <a 'java/lang/ClassNotFoundException': > (0x00000000a358acb0) thrown at [J:\jenkins\tmp\workspace\build\src\hotspot\src\share\vm\prims\jni.cpp, line 738]
Event: 1.600 Thread 0x00000209f08dc800 Exception <a 'java/lang/ClassNotFoundException': > (0x00000000a35c31c0) thrown at [J:\jenkins\tmp\workspace\build\src\hotspot\src\share\vm\prims\jni.cpp, line 738]
Event: 1.603 Thread 0x00000209f08dc800 Exception <a 'java/lang/ClassNotFoundException': > (0x00000000a35d5b30) thrown at [J:\jenkins\tmp\workspace\build\src\hotspot\src\share\vm\prims\jni.cpp, line 738]
Event: 1.605 Thread 0x00000209f08dc800 Exception <a 'java/lang/ClassNotFoundException': > (0x00000000a35f3c50) thrown at [J:\jenkins\tmp\workspace\build\src\hotspot\src\share\vm\prims\jni.cpp, line 738]

Events (10 events):
Event: 1.638 Thread 0x00000209f08dc800 DEOPT PACKING pc=0x00000209803d1514 sp=0x000000fe8c1fee20
Event: 1.638 Thread 0x00000209f08dc800 DEOPT UNPACKING pc=0x0000020980045583 sp=0x000000fe8c1fede8 mode 2
Event: 1.652 loading class java/util/TreeMap$Values
Event: 1.653 loading class java/util/TreeMap$Values done
Event: 1.653 loading class java/util/TreeMap$ValueIterator
Event: 1.653 loading class java/util/TreeMap$PrivateEntryIterator
Event: 1.653 loading class java/util/TreeMap$PrivateEntryIterator done
Event: 1.653 loading class java/util/TreeMap$ValueIterator done
Event: 1.796 loading class com/altera/sopcmodel/ipupgrade/IpUpgradeUtils
Event: 1.796 loading class com/altera/sopcmodel/ipupgrade/IpUpgradeUtils done


Dynamic libraries:
0x00007ff61e680000 - 0x00007ff61e6ba000 	C:\intelfpga_lite\20.1\quartus\bin64\jre64\bin\java.exe
0x00007ffba5b10000 - 0x00007ffba5d05000 	C:\Windows\SYSTEM32\ntdll.dll
0x00007ffb7bb60000 - 0x00007ffb7bb75000 	C:\Program Files\Avast Software\Avast\aswhook.dll
0x00007ffba5140000 - 0x00007ffba51fd000 	C:\Windows\System32\KERNEL32.DLL
0x00007ffba37c0000 - 0x00007ffba3a88000 	C:\Windows\System32\KERNELBASE.dll
0x00007ffba4a60000 - 0x00007ffba4b0c000 	C:\Windows\System32\ADVAPI32.dll
0x00007ffba4820000 - 0x00007ffba48be000 	C:\Windows\System32\msvcrt.dll
0x00007ffba58f0000 - 0x00007ffba598b000 	C:\Windows\System32\sechost.dll
0x00007ffba4b20000 - 0x00007ffba4c4b000 	C:\Windows\System32\RPCRT4.dll
0x00007ffba4d90000 - 0x00007ffba4f30000 	C:\Windows\System32\USER32.dll
0x00007ffba3410000 - 0x00007ffba3432000 	C:\Windows\System32\win32u.dll
0x00007ffba3c50000 - 0x00007ffba3c7a000 	C:\Windows\System32\GDI32.dll
0x00007ffba3300000 - 0x00007ffba340b000 	C:\Windows\System32\gdi32full.dll
0x00007ffba3440000 - 0x00007ffba34dd000 	C:\Windows\System32\msvcp_win.dll
0x00007ffba34e0000 - 0x00007ffba35e0000 	C:\Windows\System32\ucrtbase.dll
0x00007ffb897c0000 - 0x00007ffb89a5a000 	C:\Windows\WinSxS\amd64_microsoft.windows.common-controls_6595b64144ccf1df_6.0.19041.844_none_ca00b6081b84eb1d\COMCTL32.dll
0x00007ffba3b70000 - 0x00007ffba3ba0000 	C:\Windows\System32\IMM32.DLL
0x00007ffb2d940000 - 0x00007ffb2da2f000 	C:\intelfpga_lite\20.1\quartus\bin64\jre64\bin\msvcr120.dll
0x00007ffb2d890000 - 0x00007ffb2d936000 	C:\intelfpga_lite\20.1\quartus\bin64\jre64\bin\msvcp120.dll
0x0000000075f50000 - 0x00000000767b6000 	C:\intelfpga_lite\20.1\quartus\bin64\jre64\bin\server\jvm.dll
0x00007ffba3c80000 - 0x00007ffba3c88000 	C:\Windows\System32\PSAPI.DLL
0x00007ffb91ab0000 - 0x00007ffb91ab9000 	C:\Windows\SYSTEM32\WSOCK32.dll
0x00007ffb9a650000 - 0x00007ffb9a677000 	C:\Windows\SYSTEM32\WINMM.dll
0x00007ffba4d20000 - 0x00007ffba4d8b000 	C:\Windows\System32\WS2_32.dll
0x00007ffb9d180000 - 0x00007ffb9d18a000 	C:\Windows\SYSTEM32\VERSION.dll
0x00007ffb9a200000 - 0x00007ffb9a20f000 	C:\intelfpga_lite\20.1\quartus\bin64\jre64\bin\verify.dll
0x00007ffb8c030000 - 0x00007ffb8c058000 	C:\intelfpga_lite\20.1\quartus\bin64\jre64\bin\java.dll
0x00007ffb8a370000 - 0x00007ffb8a386000 	C:\intelfpga_lite\20.1\quartus\bin64\jre64\bin\zip.dll
0x00007ffba3c90000 - 0x00007ffba43d2000 	C:\Windows\System32\SHELL32.dll
0x00007ffba13a0000 - 0x00007ffba1b30000 	C:\Windows\SYSTEM32\windows.storage.dll
0x00007ffba43e0000 - 0x00007ffba4735000 	C:\Windows\System32\combase.dll
0x00007ffba2bf0000 - 0x00007ffba2c1c000 	C:\Windows\SYSTEM32\Wldp.dll
0x00007ffba3ba0000 - 0x00007ffba3c4e000 	C:\Windows\System32\SHCORE.dll
0x00007ffba4a00000 - 0x00007ffba4a55000 	C:\Windows\System32\shlwapi.dll
0x00007ffba3190000 - 0x00007ffba31af000 	C:\Windows\SYSTEM32\profapi.dll

VM Arguments:
jvm_args: -Xmx1500M -XX:+UseSerialGC 
java_command: com.altera.sopcmodel.sbtools.sbcatalog.SbCatalog --xml --project-directory= --search-path=$,C:\Users\Manu\Documents\UFPE\Eletrônica Digital\Projeto1,C:\Users\Manu\Documents\UFPE\Eletrônica Digital\Projeto1
java_class_path (initial): C:/intelfpga_lite/20.1/quartus/sopc_builder/model/lib\Nlview.jar;C:/intelfpga_lite/20.1/quartus/sopc_builder/model/lib\TableLayout.jar;C:/intelfpga_lite/20.1/quartus/sopc_builder/model/lib\appframework-1.03.jar;C:/intelfpga_lite/20.1/quartus/sopc_builder/model/lib\asm-3.1.jar;C:/intelfpga_lite/20.1/quartus/sopc_builder/model/lib\asm-commons-3.1.jar;C:/intelfpga_lite/20.1/quartus/sopc_builder/model/lib\basicmodel.jar;C:/intelfpga_lite/20.1/quartus/sopc_builder/model/lib\beansbinding-1.2.1.jar;C:/intelfpga_lite/20.1/quartus/sopc_builder/model/lib\binding-2.0.6.jar;C:/intelfpga_lite/20.1/quartus/sopc_builder/model/lib\com.altera.componenteditor2.jar;C:/intelfpga_lite/20.1/quartus/sopc_builder/model/lib\com.altera.embeddedsw.app_lib.jar;C:/intelfpga_lite/20.1/quartus/sopc_builder/model/lib\com.altera.embeddedsw.bsp.editor.jar;C:/intelfpga_lite/20.1/quartus/sopc_builder/model/lib\com.altera.embeddedsw.bsp.elements.jar;C:/intelfpga_lite/20.1/quartus/sopc_builder/model/lib\com.altera.embeddedsw.bsp.jar;C:/intelfpga_lite/20.1/quartus/sopc_builder/model/lib\com.altera.embeddedsw.bsp.plugin.core.jar;C:/intelfpga_lite/20.1/quartus/sopc_builder/model/lib\com.altera.embeddedsw.bsp.plugin.hal.jar;C:/intelfpga_lite/20.1/quartus/sopc_builder/model/lib\com.altera.embeddedsw.bsp.plugin.lwhal.jar;C:/intelfpga_lite/20.1/quartus/sopc_builder/model/lib\com.altera.embeddedsw.bsp.schema.jar;C:/intelfpga_lite/20.1/quartus/sopc_builder/model/lib\com.altera.embeddedsw.bsp.scripting.jar;C:/intelfpga_lite/20.1/quartus/sopc_builder/model/lib\com.altera.embeddedsw.commandline.jar;C:/intelfpga_lite/20.1/quartus/sopc_builder/model/lib\com.altera.embeddedsw.cpexample.jar;C:/intelfpga_lite/20.1/quartus/sopc_builder/model/lib\com.altera.embeddedsw.flash.jar;C:/intelfpga_lite/20.1/quartus/sopc_builder/model/lib\com.altera.embeddedsw.launch.jar;C:/intelfpga_lite/20.1/quartus/sopc_builder/model/lib\com.altera.embeddedsw.swinfo.jar;C:/intelfpga_lite/20.1/quartus/sopc_builder/m
Launcher Type: SUN_STANDARD

Environment Variables:
PATH=C:/intelfpga_lite/20.1/quartus/bin64;c:\intelfpga_lite\20.1\quartus\bin64\;c:\intelfpga_lite\20.1\quartus\bin64\;C:\Windows\system32;C:\Windows;C:\Windows\System32\Wbem;C:\Windows\System32\WindowsPowerShell\v1.0\;C:\Windows\System32\OpenSSH\;C:\Users\Manu\AppData\Local\Microsoft\WindowsApps;;C:\Users\Manu\AppData\Local\Programs\Microsoft VS Code\bin
USERNAME=Manu
OS=Windows_NT
PROCESSOR_IDENTIFIER=AMD64 Family 23 Model 24 Stepping 1, AuthenticAMD



---------------  S Y S T E M  ---------------

OS: Windows 10.0 , 64 bit Build 19041 (10.0.19041.928)

CPU:total 8 (initial active 8) (8 cores per cpu, 1 threads per core) family 23 model 24 stepping 1, cmov, cx8, fxsr, mmx, sse, sse2, sse3, ssse3, sse4.1, sse4.2, popcnt, avx, avx2, aes, clmul, mmxext, 3dnowpref, lzcnt, sse4a, tsc, tscinvbit, tscinv, bmi1

Memory: 4k page, physical 5985536k(1772812k free), swap 5985536k(6864k free)

vm_info: OpenJDK 64-Bit Server VM (25.265-b01) for windows-amd64 JRE (1.8.0_265-b01), built on Jul 28 2020 15:11:27 by "jenkins" with MS VC++ 12.0 (VS2013)

time: Sat Oct 16 01:10:33 2021
timezone: Hora oficial do Brasil
elapsed time: 1 seconds (0d 0h 0m 1s)

