#
# There is insufficient memory for the Java Runtime Environment to continue.
# Native memory allocation (malloc) failed to allocate 212016 bytes for Chunk::new
# Possible reasons:
#   The system is out of physical RAM or swap space
#   The process is running with CompressedOops enabled, and the Java Heap may be blocking the growth of the native heap
# Possible solutions:
#   Reduce memory load on the system
#   Increase physical memory or swap space
#   Check if swap backing store is full
#   Decrease Java heap size (-Xmx/-Xms)
#   Decrease number of Java threads
#   Decrease Java thread stack sizes (-Xss)
#   Set larger code cache with -XX:ReservedCodeCacheSize=
#   JVM is running with Unscaled Compressed Oops mode in which the Java heap is
#     placed in the first 4GB address space. The Java Heap base address is the
#     maximum limit for the native heap growth. Please use -XX:HeapBaseMinAddress
#     to set the Java Heap base and to place the Java Heap above 4GB virtual address.
# This output file may be truncated or incomplete.
#
#  Out of Memory Error (allocation.cpp:389), pid=5352, tid=0x0000000000001ddc
#
# JRE version: OpenJDK Runtime Environment (8.0_265-b01) (build 1.8.0_265-b01)
# Java VM: OpenJDK 64-Bit Server VM (25.265-b01 mixed mode windows-amd64 compressed oops)
# Failed to write core dump. Minidumps are not enabled by default on client versions of Windows
#

---------------  T H R E A D  ---------------

Current thread (0x00000292ed29c800):  JavaThread "C2 CompilerThread1" daemon [_thread_in_native, id=7644, stack(0x0000009e61500000,0x0000009e61600000)]

Stack: [0x0000009e61500000,0x0000009e61600000]
[error occurred during error reporting (printing stack bounds), id 0xc0000005]

Native frames: (J=compiled Java code, j=interpreted, Vv=VM code, C=native code)


Current CompileTask:
C2:    971  785   !   4       com.sun.org.apache.xerces.internal.impl.XMLDocumentFragmentScannerImpl$FragmentContentDriver::next (2346 bytes)


---------------  P R O C E S S  ---------------

Java Threads: ( => current thread )
  0x00000292ed330000 JavaThread "Service Thread" daemon [_thread_blocked, id=7688, stack(0x0000009e61800000,0x0000009e61900000)]
  0x00000292ed2ab000 JavaThread "C1 CompilerThread3" daemon [_thread_in_native, id=7128, stack(0x0000009e61700000,0x0000009e61800000)]
  0x00000292ed29e800 JavaThread "C2 CompilerThread2" daemon [_thread_in_native, id=7732, stack(0x0000009e61600000,0x0000009e61700000)]
=>0x00000292ed29c800 JavaThread "C2 CompilerThread1" daemon [_thread_in_native, id=7644, stack(0x0000009e61500000,0x0000009e61600000)]
  0x00000292ed299000 JavaThread "C2 CompilerThread0" daemon [_thread_in_native, id=2516, stack(0x0000009e61400000,0x0000009e61500000)]
  0x00000292ed282000 JavaThread "Attach Listener" daemon [_thread_blocked, id=7148, stack(0x0000009e61300000,0x0000009e61400000)]
  0x00000292ed295800 JavaThread "Signal Dispatcher" daemon [_thread_blocked, id=5412, stack(0x0000009e61200000,0x0000009e61300000)]
  0x00000292ed26a800 JavaThread "Finalizer" daemon [_thread_blocked, id=8964, stack(0x0000009e61100000,0x0000009e61200000)]
  0x00000292ed262800 JavaThread "Reference Handler" daemon [_thread_blocked, id=1280, stack(0x0000009e61000000,0x0000009e61100000)]
  0x00000292db74d800 JavaThread "main" [_thread_in_Java, id=1780, stack(0x0000009e60e00000,0x0000009e60f00000)]

Other Threads:
  0x00000292ed237800 VMThread [stack: 0x0000009e60f00000,0x0000009e61000000] [id=9684]
  0x00000292ed334800 WatcherThread [stack: 0x0000009e61900000,0x0000009e61a00000] [id=7432]

VM state:not at safepoint (normal execution)

VM Mutex/Monitor currently owned by a thread: None

heap address: 0x00000000a2400000, size: 1500 MB, Compressed Oops mode: 32-bit
Narrow klass base: 0x0000000000000000, Narrow klass shift: 3
Compressed class space size: 1073741824 Address: 0x0000000100000000

Heap:
 def new generation   total 28224K, used 21071K [0x00000000a2400000, 0x00000000a42a0000, 0x00000000c1800000)
  eden space 25088K,  71% used [0x00000000a2400000, 0x00000000a3583f78, 0x00000000a3c80000)
  from space 3136K, 100% used [0x00000000a3c80000, 0x00000000a3f90000, 0x00000000a3f90000)
  to   space 3136K,   0% used [0x00000000a3f90000, 0x00000000a3f90000, 0x00000000a42a0000)
 tenured generation   total 62848K, used 8655K [0x00000000c1800000, 0x00000000c5560000, 0x0000000100000000)
   the space 62848K,  13% used [0x00000000c1800000, 0x00000000c2073cd0, 0x00000000c2073e00, 0x00000000c5560000)
 Metaspace       used 8786K, capacity 8888K, committed 9216K, reserved 1056768K
  class space    used 896K, capacity 916K, committed 1024K, reserved 1048576K

Card table byte_map: [0x00000292ec450000,0x00000292ec740000] byte_map_base: 0x00000292ebf3e000

Polling page: 0x00000292db860000

CodeCache: size=245760Kb used=4085Kb max_used=4085Kb free=241674Kb
 bounds [0x00000292dd090000, 0x00000292dd4a0000, 0x00000292ec090000]
 total_blobs=1342 nmethods=1016 adapters=239
 compilation: enabled

Compilation events (10 events):
Event: 0.906 Thread 0x00000292ed2ab000 1022       1       com.altera.sopcmodel.util.CatalogCard::getCategories (5 bytes)
Event: 0.906 Thread 0x00000292ed2ab000 nmethod 1022 0x00000292dd4834d0 code [0x00000292dd483620, 0x00000292dd483738]
Event: 0.906 Thread 0x00000292ed2ab000 1023       1       com.altera.sopcmodel.util.CatalogCard::getDocumentUrls (5 bytes)
Event: 0.906 Thread 0x00000292ed2ab000 nmethod 1023 0x00000292dd483210 code [0x00000292dd483360, 0x00000292dd483478]
Event: 0.914 Thread 0x00000292ed2ab000 1025       3       com.altera.sopcmodel.util.CatalogCard::setVersion (24 bytes)
Event: 0.915 Thread 0x00000292ed2ab000 nmethod 1025 0x00000292dd486050 code [0x00000292dd4861e0, 0x00000292dd486620]
Event: 0.915 Thread 0x00000292ed29e800 nmethod 995% 0x00000292dd484a10 code [0x00000292dd484c00, 0x00000292dd4856d0]
Event: 0.915 Thread 0x00000292ed29e800 1008       4       com.altera.utilities.altNode.AltNode::getChildren (314 bytes)
Event: 0.923 Thread 0x00000292ed2ab000 1027 %     3       java.util.TreeMap::put @ 58 (247 bytes)
Event: 0.925 Thread 0x00000292ed2ab000 nmethod 1027% 0x00000292dd486d10 code [0x00000292dd486f80, 0x00000292dd488260]

GC Heap History (4 events):
Event: 0.478 GC heap before
{Heap before GC invocations=0 (full 0):
 def new generation   total 28224K, used 25088K [0x00000000a2400000, 0x00000000a42a0000, 0x00000000c1800000)
  eden space 25088K, 100% used [0x00000000a2400000, 0x00000000a3c80000, 0x00000000a3c80000)
  from space 3136K,   0% used [0x00000000a3c80000, 0x00000000a3c80000, 0x00000000a3f90000)
  to   space 3136K,   0% used [0x00000000a3f90000, 0x00000000a3f90000, 0x00000000a42a0000)
 tenured generation   total 62848K, used 0K [0x00000000c1800000, 0x00000000c5560000, 0x0000000100000000)
   the space 62848K,   0% used [0x00000000c1800000, 0x00000000c1800000, 0x00000000c1800200, 0x00000000c5560000)
 Metaspace       used 6676K, capacity 6840K, committed 6912K, reserved 1056768K
  class space    used 692K, capacity 724K, committed 768K, reserved 1048576K
Event: 0.485 GC heap after
Heap after GC invocations=1 (full 0):
 def new generation   total 28224K, used 3136K [0x00000000a2400000, 0x00000000a42a0000, 0x00000000c1800000)
  eden space 25088K,   0% used [0x00000000a2400000, 0x00000000a2400000, 0x00000000a3c80000)
  from space 3136K, 100% used [0x00000000a3f90000, 0x00000000a42a0000, 0x00000000a42a0000)
  to   space 3136K,   0% used [0x00000000a3c80000, 0x00000000a3c80000, 0x00000000a3f90000)
 tenured generation   total 62848K, used 540K [0x00000000c1800000, 0x00000000c5560000, 0x0000000100000000)
   the space 62848K,   0% used [0x00000000c1800000, 0x00000000c1887288, 0x00000000c1887400, 0x00000000c5560000)
 Metaspace       used 6676K, capacity 6840K, committed 6912K, reserved 1056768K
  class space    used 692K, capacity 724K, committed 768K, reserved 1048576K
}
Event: 0.855 GC heap before
{Heap before GC invocations=1 (full 0):
 def new generation   total 28224K, used 28224K [0x00000000a2400000, 0x00000000a42a0000, 0x00000000c1800000)
  eden space 25088K, 100% used [0x00000000a2400000, 0x00000000a3c80000, 0x00000000a3c80000)
  from space 3136K, 100% used [0x00000000a3f90000, 0x00000000a42a0000, 0x00000000a42a0000)
  to   space 3136K,   0% used [0x00000000a3c80000, 0x00000000a3c80000, 0x00000000a3f90000)
 tenured generation   total 62848K, used 540K [0x00000000c1800000, 0x00000000c5560000, 0x0000000100000000)
   the space 62848K,   0% used [0x00000000c1800000, 0x00000000c1887288, 0x00000000c1887400, 0x00000000c5560000)
 Metaspace       used 8780K, capacity 8888K, committed 9216K, reserved 1056768K
  class space    used 896K, capacity 916K, committed 1024K, reserved 1048576K
Event: 0.889 GC heap after
Heap after GC invocations=2 (full 0):
 def new generation   total 28224K, used 3136K [0x00000000a2400000, 0x00000000a42a0000, 0x00000000c1800000)
  eden space 25088K,   0% used [0x00000000a2400000, 0x00000000a2400000, 0x00000000a3c80000)
  from space 3136K, 100% used [0x00000000a3c80000, 0x00000000a3f90000, 0x00000000a3f90000)
  to   space 3136K,   0% used [0x00000000a3f90000, 0x00000000a3f90000, 0x00000000a42a0000)
 tenured generation   total 62848K, used 8655K [0x00000000c1800000, 0x00000000c5560000, 0x0000000100000000)
   the space 62848K,  13% used [0x00000000c1800000, 0x00000000c2073cd0, 0x00000000c2073e00, 0x00000000c5560000)
 Metaspace       used 8780K, capacity 8888K, committed 9216K, reserved 1056768K
  class space    used 896K, capacity 916K, committed 1024K, reserved 1048576K
}

Deoptimization events (10 events):
Event: 0.590 Thread 0x00000292db74d800 Uncommon trap: reason=unstable_if action=reinterpret pc=0x00000292dd388834 method=com.sun.org.apache.xerces.internal.impl.XMLEntityScanner.checkBeforeLoad(Lcom/sun/xml/internal/stream/Entity$ScannedEntity;II)I @ 18
Event: 0.604 Thread 0x00000292db74d800 Uncommon trap: reason=unstable_if action=reinterpret pc=0x00000292dd3a3f10 method=com.sun.org.apache.xerces.internal.impl.XMLEntityScanner.skipSpaces()Z @ 125
Event: 0.622 Thread 0x00000292db74d800 Uncommon trap: reason=unstable_if action=reinterpret pc=0x00000292dd3a38ac method=com.sun.org.apache.xerces.internal.impl.XMLEntityScanner.scanChar(Lcom/sun/org/apache/xerces/internal/impl/XMLScanner$NameType;)I @ 59
Event: 0.622 Thread 0x00000292db74d800 Uncommon trap: reason=unstable_if action=reinterpret pc=0x00000292dd3a24cc method=com.sun.org.apache.xerces.internal.impl.XMLEntityScanner.scanLiteral(ILcom/sun/org/apache/xerces/internal/xni/XMLString;Z)I @ 587
Event: 0.634 Thread 0x00000292db74d800 Uncommon trap: reason=unstable_if action=reinterpret pc=0x00000292dd39f178 method=com.sun.org.apache.xerces.internal.impl.XMLEntityScanner.peekChar()I @ 14
Event: 0.637 Thread 0x00000292db74d800 Uncommon trap: reason=unstable_if action=reinterpret pc=0x00000292dd3d99b8 method=com.sun.org.apache.xerces.internal.impl.XMLEntityScanner.scanLiteral(ILcom/sun/org/apache/xerces/internal/xni/XMLString;Z)I @ 44
Event: 0.674 Thread 0x00000292db74d800 Uncommon trap: reason=unstable_if action=reinterpret pc=0x00000292dd3a5b90 method=com.sun.org.apache.xerces.internal.util.SymbolTable.addSymbol([CII)Ljava/lang/String; @ 38
Event: 0.674 Thread 0x00000292db74d800 Uncommon trap: reason=unstable_if action=reinterpret pc=0x00000292dd3d5b84 method=com.sun.org.apache.xerces.internal.util.SymbolTable.addSymbol([CII)Ljava/lang/String; @ 38
Event: 0.679 Thread 0x00000292db74d800 Uncommon trap: reason=unstable_if action=reinterpret pc=0x00000292dd3e14d8 method=com.sun.org.apache.xerces.internal.impl.XMLEntityScanner.scanContent(Lcom/sun/org/apache/xerces/internal/xni/XMLString;)I @ 526
Event: 0.715 Thread 0x00000292db74d800 Uncommon trap: reason=unstable_if action=reinterpret pc=0x00000292dd3a2c9c method=com.sun.org.apache.xerces.internal.util.AugmentationsImpl$SmallContainer.clear()V @ 9

Classes redefined (0 events):
No events

Internal exceptions (10 events):
Event: 0.935 Thread 0x00000292db74d800 Exception <a 'java/lang/ClassNotFoundException': > (0x00000000a2c60c18) thrown at [J:\jenkins\tmp\workspace\build\src\hotspot\src\share\vm\prims\jni.cpp, line 738]
Event: 0.936 Thread 0x00000292db74d800 Exception <a 'java/lang/ClassNotFoundException': > (0x00000000a2c82908) thrown at [J:\jenkins\tmp\workspace\build\src\hotspot\src\share\vm\prims\jni.cpp, line 738]
Event: 0.936 Thread 0x00000292db74d800 Exception <a 'java/lang/ClassNotFoundException': > (0x00000000a2c89728) thrown at [J:\jenkins\tmp\workspace\build\src\hotspot\src\share\vm\prims\jni.cpp, line 738]
Event: 0.937 Thread 0x00000292db74d800 Exception <a 'java/lang/ClassNotFoundException': > (0x00000000a2ca0d30) thrown at [J:\jenkins\tmp\workspace\build\src\hotspot\src\share\vm\prims\jni.cpp, line 738]
Event: 0.938 Thread 0x00000292db74d800 Exception <a 'java/lang/ClassNotFoundException': > (0x00000000a2cc1850) thrown at [J:\jenkins\tmp\workspace\build\src\hotspot\src\share\vm\prims\jni.cpp, line 738]
Event: 0.938 Thread 0x00000292db74d800 Exception <a 'java/lang/ClassNotFoundException': > (0x00000000a2cce6e8) thrown at [J:\jenkins\tmp\workspace\build\src\hotspot\src\share\vm\prims\jni.cpp, line 738]
Event: 0.938 Thread 0x00000292db74d800 Exception <a 'java/lang/ClassNotFoundException': > (0x00000000a2cdfe68) thrown at [J:\jenkins\tmp\workspace\build\src\hotspot\src\share\vm\prims\jni.cpp, line 738]
Event: 0.939 Thread 0x00000292db74d800 Exception <a 'java/lang/ClassNotFoundException': > (0x00000000a2ce2448) thrown at [J:\jenkins\tmp\workspace\build\src\hotspot\src\share\vm\prims\jni.cpp, line 738]
Event: 0.939 Thread 0x00000292db74d800 Exception <a 'java/lang/ClassNotFoundException': > (0x00000000a2ce4a30) thrown at [J:\jenkins\tmp\workspace\build\src\hotspot\src\share\vm\prims\jni.cpp, line 738]
Event: 0.939 Thread 0x00000292db74d800 Exception <a 'java/lang/ClassNotFoundException': > (0x00000000a2ce7018) thrown at [J:\jenkins\tmp\workspace\build\src\hotspot\src\share\vm\prims\jni.cpp, line 738]

Events (10 events):
Event: 0.901 Thread 0x00000292db74d800 DEOPT PACKING pc=0x00000292dd3f6890 sp=0x0000009e60efe110
Event: 0.901 Thread 0x00000292db74d800 DEOPT UNPACKING pc=0x00000292dd0d71d8 sp=0x0000009e60efde60 mode 0
Event: 0.916 Thread 0x00000292db74d800 DEOPT PACKING pc=0x00000292dd43ea52 sp=0x0000009e60efe3d0
Event: 0.916 Thread 0x00000292db74d800 DEOPT UNPACKING pc=0x00000292dd0d71d8 sp=0x0000009e60efe100 mode 0
Event: 0.924 Thread 0x00000292db74d800 DEOPT PACKING pc=0x00000292dd43ea52 sp=0x0000009e60efe3d0
Event: 0.924 Thread 0x00000292db74d800 DEOPT UNPACKING pc=0x00000292dd0d71d8 sp=0x0000009e60efe100 mode 0
Event: 0.930 Thread 0x00000292db74d800 DEOPT PACKING pc=0x00000292dd43ea52 sp=0x0000009e60efe3d0
Event: 0.930 Thread 0x00000292db74d800 DEOPT UNPACKING pc=0x00000292dd0d71d8 sp=0x0000009e60efe100 mode 0
Event: 0.936 Thread 0x00000292db74d800 DEOPT PACKING pc=0x00000292dd43ea52 sp=0x0000009e60efe3d0
Event: 0.936 Thread 0x00000292db74d800 DEOPT UNPACKING pc=0x00000292dd0d71d8 sp=0x0000009e60efe100 mode 0


Dynamic libraries:
0x00007ff61e680000 - 0x00007ff61e6ba000 	C:\intelfpga_lite\20.1\quartus\bin64\jre64\bin\java.exe
0x00007ffba5b10000 - 0x00007ffba5d05000 	C:\Windows\SYSTEM32\ntdll.dll
0x00007ffb7bb60000 - 0x00007ffb7bb75000 	C:\Program Files\Avast Software\Avast\aswhook.dll
0x00007ffba5140000 - 0x00007ffba51fd000 	C:\Windows\System32\KERNEL32.DLL
0x00007ffba37c0000 - 0x00007ffba3a88000 	C:\Windows\System32\KERNELBASE.dll
0x00007ffba4a60000 - 0x00007ffba4b0c000 	C:\Windows\System32\ADVAPI32.dll
0x00007ffba4820000 - 0x00007ffba48be000 	C:\Windows\System32\msvcrt.dll
0x00007ffba58f0000 - 0x00007ffba598b000 	C:\Windows\System32\sechost.dll
0x00007ffba4b20000 - 0x00007ffba4c4b000 	C:\Windows\System32\RPCRT4.dll
0x00007ffba4d90000 - 0x00007ffba4f30000 	C:\Windows\System32\USER32.dll
0x00007ffba3410000 - 0x00007ffba3432000 	C:\Windows\System32\win32u.dll
0x00007ffba3c50000 - 0x00007ffba3c7a000 	C:\Windows\System32\GDI32.dll
0x00007ffba3300000 - 0x00007ffba340b000 	C:\Windows\System32\gdi32full.dll
0x00007ffba3440000 - 0x00007ffba34dd000 	C:\Windows\System32\msvcp_win.dll
0x00007ffba34e0000 - 0x00007ffba35e0000 	C:\Windows\System32\ucrtbase.dll
0x00007ffb897c0000 - 0x00007ffb89a5a000 	C:\Windows\WinSxS\amd64_microsoft.windows.common-controls_6595b64144ccf1df_6.0.19041.844_none_ca00b6081b84eb1d\COMCTL32.dll
0x00007ffba3b70000 - 0x00007ffba3ba0000 	C:\Windows\System32\IMM32.DLL
0x00007ffb2db40000 - 0x00007ffb2dc2f000 	C:\intelfpga_lite\20.1\quartus\bin64\jre64\bin\msvcr120.dll
0x00007ffb2da90000 - 0x00007ffb2db36000 	C:\intelfpga_lite\20.1\quartus\bin64\jre64\bin\msvcp120.dll
0x0000000075f50000 - 0x00000000767b6000 	C:\intelfpga_lite\20.1\quartus\bin64\jre64\bin\server\jvm.dll
0x00007ffba3c80000 - 0x00007ffba3c88000 	C:\Windows\System32\PSAPI.DLL
0x00007ffb9a650000 - 0x00007ffb9a677000 	C:\Windows\SYSTEM32\WINMM.dll
0x00007ffb91ab0000 - 0x00007ffb91ab9000 	C:\Windows\SYSTEM32\WSOCK32.dll
0x00007ffb9d180000 - 0x00007ffb9d18a000 	C:\Windows\SYSTEM32\VERSION.dll
0x00007ffba4d20000 - 0x00007ffba4d8b000 	C:\Windows\System32\WS2_32.dll
0x00007ffb9a220000 - 0x00007ffb9a22f000 	C:\intelfpga_lite\20.1\quartus\bin64\jre64\bin\verify.dll
0x00007ffb8c030000 - 0x00007ffb8c058000 	C:\intelfpga_lite\20.1\quartus\bin64\jre64\bin\java.dll
0x00007ffb8a370000 - 0x00007ffb8a386000 	C:\intelfpga_lite\20.1\quartus\bin64\jre64\bin\zip.dll
0x00007ffba3c90000 - 0x00007ffba43d2000 	C:\Windows\System32\SHELL32.dll
0x00007ffba13a0000 - 0x00007ffba1b30000 	C:\Windows\SYSTEM32\windows.storage.dll
0x00007ffba43e0000 - 0x00007ffba4735000 	C:\Windows\System32\combase.dll
0x00007ffba2bf0000 - 0x00007ffba2c1c000 	C:\Windows\SYSTEM32\Wldp.dll
0x00007ffba3ba0000 - 0x00007ffba3c4e000 	C:\Windows\System32\SHCORE.dll
0x00007ffba4a00000 - 0x00007ffba4a55000 	C:\Windows\System32\shlwapi.dll
0x00007ffba3190000 - 0x00007ffba31af000 	C:\Windows\SYSTEM32\profapi.dll

VM Arguments:
jvm_args: -Xmx1500M -XX:+UseSerialGC 
java_command: com.altera.sopcmodel.sbtools.sbcatalog.SbCatalog --xml --project-directory= --search-path=$,C:\Users\Manu\Documents\UFPE\Eletrônica Digital\Projeto1,C:\Users\Manu\Documents\UFPE\Eletrônica Digital\Projeto1
java_class_path (initial): C:/intelfpga_lite/20.1/quartus/sopc_builder/model/lib\Nlview.jar;C:/intelfpga_lite/20.1/quartus/sopc_builder/model/lib\TableLayout.jar;C:/intelfpga_lite/20.1/quartus/sopc_builder/model/lib\appframework-1.03.jar;C:/intelfpga_lite/20.1/quartus/sopc_builder/model/lib\asm-3.1.jar;C:/intelfpga_lite/20.1/quartus/sopc_builder/model/lib\asm-commons-3.1.jar;C:/intelfpga_lite/20.1/quartus/sopc_builder/model/lib\basicmodel.jar;C:/intelfpga_lite/20.1/quartus/sopc_builder/model/lib\beansbinding-1.2.1.jar;C:/intelfpga_lite/20.1/quartus/sopc_builder/model/lib\binding-2.0.6.jar;C:/intelfpga_lite/20.1/quartus/sopc_builder/model/lib\com.altera.componenteditor2.jar;C:/intelfpga_lite/20.1/quartus/sopc_builder/model/lib\com.altera.embeddedsw.app_lib.jar;C:/intelfpga_lite/20.1/quartus/sopc_builder/model/lib\com.altera.embeddedsw.bsp.editor.jar;C:/intelfpga_lite/20.1/quartus/sopc_builder/model/lib\com.altera.embeddedsw.bsp.elements.jar;C:/intelfpga_lite/20.1/quartus/sopc_builder/model/lib\com.altera.embeddedsw.bsp.jar;C:/intelfpga_lite/20.1/quartus/sopc_builder/model/lib\com.altera.embeddedsw.bsp.plugin.core.jar;C:/intelfpga_lite/20.1/quartus/sopc_builder/model/lib\com.altera.embeddedsw.bsp.plugin.hal.jar;C:/intelfpga_lite/20.1/quartus/sopc_builder/model/lib\com.altera.embeddedsw.bsp.plugin.lwhal.jar;C:/intelfpga_lite/20.1/quartus/sopc_builder/model/lib\com.altera.embeddedsw.bsp.schema.jar;C:/intelfpga_lite/20.1/quartus/sopc_builder/model/lib\com.altera.embeddedsw.bsp.scripting.jar;C:/intelfpga_lite/20.1/quartus/sopc_builder/model/lib\com.altera.embeddedsw.commandline.jar;C:/intelfpga_lite/20.1/quartus/sopc_builder/model/lib\com.altera.embeddedsw.cpexample.jar;C:/intelfpga_lite/20.1/quartus/sopc_builder/model/lib\com.altera.embeddedsw.flash.jar;C:/intelfpga_lite/20.1/quartus/sopc_builder/model/lib\com.altera.embeddedsw.launch.jar;C:/intelfpga_lite/20.1/quartus/sopc_builder/model/lib\com.altera.embeddedsw.swinfo.jar;C:/intelfpga_lite/20.1/quartus/sopc_builder/m
Launcher Type: SUN_STANDARD

Environment Variables:
PATH=C:/intelfpga_lite/20.1/quartus/bin64;c:\intelfpga_lite\20.1\quartus\bin64\;c:\intelfpga_lite\20.1\quartus\bin64\;C:\Windows\system32;C:\Windows;C:\Windows\System32\Wbem;C:\Windows\System32\WindowsPowerShell\v1.0\;C:\Windows\System32\OpenSSH\;C:\Users\Manu\AppData\Local\Microsoft\WindowsApps;;C:\Users\Manu\AppData\Local\Programs\Microsoft VS Code\bin
USERNAME=Manu
OS=Windows_NT
PROCESSOR_IDENTIFIER=AMD64 Family 23 Model 24 Stepping 1, AuthenticAMD



---------------  S Y S T E M  ---------------

OS: Windows 10.0 , 64 bit Build 19041 (10.0.19041.928)

CPU:total 8 (initial active 8) (8 cores per cpu, 1 threads per core) family 23 model 24 stepping 1, cmov, cx8, fxsr, mmx, sse, sse2, sse3, ssse3, sse4.1, sse4.2, popcnt, avx, avx2, aes, clmul, mmxext, 3dnowpref, lzcnt, sse4a, tsc, tscinvbit, tscinv, bmi1

Memory: 4k page, physical 5985536k(1857340k free), swap 5985536k(3092k free)

vm_info: OpenJDK 64-Bit Server VM (25.265-b01) for windows-amd64 JRE (1.8.0_265-b01), built on Jul 28 2020 15:11:27 by "jenkins" with MS VC++ 12.0 (VS2013)

time: Fri Oct 15 23:37:16 2021
timezone: Hora oficial do Brasil
elapsed time: 0 seconds (0d 0h 0m 0s)

