Flow report for Projeto1
Tue Oct 19 20:11:32 2021
Quartus II 64-Bit Version 13.0.0 Build 156 04/24/2013 SJ Web Edition


---------------------
; Table of Contents ;
---------------------
  1. Legal Notice
  2. Flow Summary
  3. Flow Settings
  4. Flow Non-Default Global Settings
  5. Flow Elapsed Time
  6. Flow OS Summary
  7. Flow Log
  8. Flow Messages
  9. Flow Suppressed Messages



----------------
; Legal Notice ;
----------------
Copyright (C) 1991-2013 Altera Corporation
Your use of Altera Corporation's design tools, logic functions 
and other software and tools, and its AMPP partner logic 
functions, and any output files from any of the foregoing 
(including device programming or simulation files), and any 
associated documentation or information are expressly subject 
to the terms and conditions of the Altera Program License 
Subscription Agreement, Altera MegaCore Function License 
Agreement, or other applicable license agreement, including, 
without limitation, that your use is for the sole purpose of 
programming logic devices manufactured by Altera and sold by 
Altera or its authorized distributors.  Please refer to the 
applicable agreement for further details.



+---------------------------------------------------------------------------------+
; Flow Summary                                                                    ;
+------------------------------------+--------------------------------------------+
; Flow Status                        ; Successful - Tue Oct 19 20:11:32 2021      ;
; Quartus II 64-Bit Version          ; 13.0.0 Build 156 04/24/2013 SJ Web Edition ;
; Revision Name                      ; Projeto1                                   ;
; Top-level Entity Name              ; Projeto1                                   ;
; Family                             ; Cyclone IV E                               ;
; Device                             ; EP4CE6E22C6                                ;
; Timing Models                      ; Final                                      ;
; Total logic elements               ; 149 / 6,272 ( 2 % )                        ;
;     Total combinational functions  ; 143 / 6,272 ( 2 % )                        ;
;     Dedicated logic registers      ; 62 / 6,272 ( < 1 % )                       ;
; Total registers                    ; 62                                         ;
; Total pins                         ; 14 / 92 ( 15 % )                           ;
; Total virtual pins                 ; 0                                          ;
; Total memory bits                  ; 0 / 276,480 ( 0 % )                        ;
; Embedded Multiplier 9-bit elements ; 0 / 30 ( 0 % )                             ;
; Total PLLs                         ; 0 / 2 ( 0 % )                              ;
+------------------------------------+--------------------------------------------+


+-----------------------------------------+
; Flow Settings                           ;
+-------------------+---------------------+
; Option            ; Setting             ;
+-------------------+---------------------+
; Start date & time ; 10/19/2021 20:07:04 ;
; Main task         ; Compilation         ;
; Revision Name     ; Projeto1            ;
+-------------------+---------------------+


+-----------------------------------------------------------------------------------------------------------------------------------------------+
; Flow Non-Default Global Settings                                                                                                              ;
+-------------------------------------+---------------------------------------+---------------+-------------+-----------------------------------+
; Assignment Name                     ; Value                                 ; Default Value ; Entity Name ; Section Id                        ;
+-------------------------------------+---------------------------------------+---------------+-------------+-----------------------------------+
; COMPILER_SIGNATURE_ID               ; 128534996526258.163468482010752       ; --            ; --          ; --                                ;
; EDA_GENERATE_FUNCTIONAL_NETLIST     ; On                                    ; --            ; --          ; eda_simulation                    ;
; EDA_GENERATE_FUNCTIONAL_NETLIST     ; Off                                   ; --            ; --          ; eda_board_design_timing           ;
; EDA_GENERATE_FUNCTIONAL_NETLIST     ; Off                                   ; --            ; --          ; eda_board_design_symbol           ;
; EDA_GENERATE_FUNCTIONAL_NETLIST     ; Off                                   ; --            ; --          ; eda_board_design_signal_integrity ;
; EDA_GENERATE_FUNCTIONAL_NETLIST     ; Off                                   ; --            ; --          ; eda_board_design_boundary_scan    ;
; EDA_OUTPUT_DATA_FORMAT              ; Verilog Hdl                           ; --            ; --          ; eda_simulation                    ;
; EDA_SIMULATION_TOOL                 ; ModelSim-Altera (Verilog)             ; <None>        ; --          ; --                                ;
; EDA_TIME_SCALE                      ; 1 ps                                  ; --            ; --          ; eda_simulation                    ;
; IP_TOOL_NAME                        ; LPM_COUNTER                           ; --            ; --          ; --                                ;
; IP_TOOL_NAME                        ; LPM_COUNTER                           ; --            ; --          ; --                                ;
; IP_TOOL_NAME                        ; LPM_COUNTER                           ; --            ; --          ; --                                ;
; IP_TOOL_NAME                        ; LPM_COUNTER                           ; --            ; --          ; --                                ;
; IP_TOOL_NAME                        ; LPM_COUNTER                           ; --            ; --          ; --                                ;
; IP_TOOL_NAME                        ; LPM_COUNTER                           ; --            ; --          ; --                                ;
; IP_TOOL_NAME                        ; LPM_COUNTER                           ; --            ; --          ; --                                ;
; IP_TOOL_NAME                        ; LPM_COUNTER                           ; --            ; --          ; --                                ;
; IP_TOOL_NAME                        ; LPM_COUNTER                           ; --            ; --          ; --                                ;
; IP_TOOL_NAME                        ; LPM_COUNTER                           ; --            ; --          ; --                                ;
; IP_TOOL_VERSION                     ; 13.0                                  ; --            ; --          ; --                                ;
; IP_TOOL_VERSION                     ; 13.0                                  ; --            ; --          ; --                                ;
; IP_TOOL_VERSION                     ; 13.0                                  ; --            ; --          ; --                                ;
; IP_TOOL_VERSION                     ; 13.0                                  ; --            ; --          ; --                                ;
; IP_TOOL_VERSION                     ; 13.0                                  ; --            ; --          ; --                                ;
; IP_TOOL_VERSION                     ; 13.0                                  ; --            ; --          ; --                                ;
; IP_TOOL_VERSION                     ; 13.0                                  ; --            ; --          ; --                                ;
; IP_TOOL_VERSION                     ; 13.0                                  ; --            ; --          ; --                                ;
; IP_TOOL_VERSION                     ; 13.0                                  ; --            ; --          ; --                                ;
; IP_TOOL_VERSION                     ; 13.0                                  ; --            ; --          ; --                                ;
; MAX_CORE_JUNCTION_TEMP              ; 85                                    ; --            ; --          ; --                                ;
; MIN_CORE_JUNCTION_TEMP              ; 0                                     ; --            ; --          ; --                                ;
; MISC_FILE                           ; output_files/lpm_counter0.bsf         ; --            ; --          ; --                                ;
; MISC_FILE                           ; output_files/lpm_counter0_bb.v        ; --            ; --          ; --                                ;
; MISC_FILE                           ; output_files/lpm_counter1.bsf         ; --            ; --          ; --                                ;
; MISC_FILE                           ; output_files/lpm_counter1_bb.v        ; --            ; --          ; --                                ;
; MISC_FILE                           ; output_files/lpm_counter2.bsf         ; --            ; --          ; --                                ;
; MISC_FILE                           ; output_files/lpm_counter2_bb.v        ; --            ; --          ; --                                ;
; MISC_FILE                           ; output_files/lpm_counter3.bsf         ; --            ; --          ; --                                ;
; MISC_FILE                           ; output_files/lpm_counter3_bb.v        ; --            ; --          ; --                                ;
; MISC_FILE                           ; output_files/lpm_counter4.bsf         ; --            ; --          ; --                                ;
; MISC_FILE                           ; output_files/lpm_counter4_bb.v        ; --            ; --          ; --                                ;
; MISC_FILE                           ; output_files/lpm_counter5.bsf         ; --            ; --          ; --                                ;
; MISC_FILE                           ; output_files/lpm_counter5_bb.v        ; --            ; --          ; --                                ;
; MISC_FILE                           ; output_files/lpm_counter6.bsf         ; --            ; --          ; --                                ;
; MISC_FILE                           ; output_files/lpm_counter6_bb.v        ; --            ; --          ; --                                ;
; MISC_FILE                           ; output_files/lpm_counter7.bsf         ; --            ; --          ; --                                ;
; MISC_FILE                           ; output_files/lpm_counter7_bb.v        ; --            ; --          ; --                                ;
; MISC_FILE                           ; output_files/lpm_counter8.bsf         ; --            ; --          ; --                                ;
; MISC_FILE                           ; output_files/lpm_counter8_bb.v        ; --            ; --          ; --                                ;
; MISC_FILE                           ; output_files/lpm_counter9.bsf         ; --            ; --          ; --                                ;
; MISC_FILE                           ; output_files/lpm_counter9_bb.v        ; --            ; --          ; --                                ;
; NOMINAL_CORE_SUPPLY_VOLTAGE         ; 1.2V                                  ; --            ; --          ; --                                ;
; PARTITION_COLOR                     ; 16764057                              ; --            ; --          ; Top                               ;
; PARTITION_FITTER_PRESERVATION_LEVEL ; PLACEMENT_AND_ROUTING                 ; --            ; --          ; Top                               ;
; PARTITION_NETLIST_TYPE              ; SOURCE                                ; --            ; --          ; Top                               ;
; POWER_BOARD_THERMAL_MODEL           ; None (CONSERVATIVE)                   ; --            ; --          ; --                                ;
; POWER_PRESET_COOLING_SOLUTION       ; 23 MM HEAT SINK WITH 200 LFPM AIRFLOW ; --            ; --          ; --                                ;
; PROJECT_OUTPUT_DIRECTORY            ; output_files                          ; --            ; --          ; --                                ;
+-------------------------------------+---------------------------------------+---------------+-------------+-----------------------------------+


+-------------------------------------------------------------------------------------------------------------------------------+
; Flow Elapsed Time                                                                                                             ;
+---------------------------+--------------+-------------------------+---------------------+------------------------------------+
; Module Name               ; Elapsed Time ; Average Processors Used ; Peak Virtual Memory ; Total CPU Time (on all processors) ;
+---------------------------+--------------+-------------------------+---------------------+------------------------------------+
; Analysis & Synthesis      ; 00:01:18     ; 1.0                     ; 4581 MB             ; 00:00:04                           ;
; Fitter                    ; 00:01:40     ; 1.0                     ; 4883 MB             ; 00:00:11                           ;
; Assembler                 ; 00:00:03     ; 1.0                     ; 4531 MB             ; 00:00:02                           ;
; TimeQuest Timing Analyzer ; 00:00:19     ; 1.0                     ; 4616 MB             ; 00:00:05                           ;
; EDA Netlist Writer        ; 00:00:01     ; 1.0                     ; 4490 MB             ; 00:00:01                           ;
; Total                     ; 00:03:21     ; --                      ; --                  ; 00:00:23                           ;
+---------------------------+--------------+-------------------------+---------------------+------------------------------------+


+----------------------------------------------------------------------------------------+
; Flow OS Summary                                                                        ;
+---------------------------+------------------+-----------+------------+----------------+
; Module Name               ; Machine Hostname ; OS Name   ; OS Version ; Processor type ;
+---------------------------+------------------+-----------+------------+----------------+
; Analysis & Synthesis      ; Leonardo-PC      ; Windows 7 ; 6.2        ; x86_64         ;
; Fitter                    ; Leonardo-PC      ; Windows 7 ; 6.2        ; x86_64         ;
; Assembler                 ; Leonardo-PC      ; Windows 7 ; 6.2        ; x86_64         ;
; TimeQuest Timing Analyzer ; Leonardo-PC      ; Windows 7 ; 6.2        ; x86_64         ;
; EDA Netlist Writer        ; Leonardo-PC      ; Windows 7 ; 6.2        ; x86_64         ;
+---------------------------+------------------+-----------+------------+----------------+


------------
; Flow Log ;
------------
quartus_map --read_settings_files=on --write_settings_files=off Projeto1 -c Projeto1
quartus_fit --read_settings_files=off --write_settings_files=off Projeto1 -c Projeto1
quartus_asm --read_settings_files=off --write_settings_files=off Projeto1 -c Projeto1
quartus_sta Projeto1 -c Projeto1
quartus_eda --read_settings_files=off --write_settings_files=off Projeto1 -c Projeto1



